03-09 13:55:57 com_github_MitjaNemec_ReplicateLayout.action_replicate_layout 392:Plugin executed on: 'linux'
03-09 13:55:57 com_github_MitjaNemec_ReplicateLayout.action_replicate_layout 393:Plugin executed with python version: '3.13.2 (main, Feb  5 2025, 08:05:21) [GCC 14.2.1 20250128]'
03-09 13:55:57 com_github_MitjaNemec_ReplicateLayout.action_replicate_layout 394:KiCad build version: 9.0.0
03-09 13:55:57 com_github_MitjaNemec_ReplicateLayout.action_replicate_layout 395:Plugin version: 3.0.3
03-09 13:55:57 com_github_MitjaNemec_ReplicateLayout.action_replicate_layout 396:Frame repr: <wx._core.Frame object at 0x75a935bd8b00>
03-09 13:55:57 com_github_MitjaNemec_ReplicateLayout.action_replicate_layout 420:Preparing replicator with Q3 as a reference
03-09 13:55:57 com_github_MitjaNemec_ReplicateLayout.replicate_layout 117:getting a list of all footprints on board
03-09 13:55:57 com_github_MitjaNemec_ReplicateLayout.action_replicate_layout 468:source anchor footprint is 'Q3'
Located on: ['/Motor driver 1/']
With filenames: ['dc_motor_driver.kicad_sch']
With sheet_id:['/Motor driver 1/']
03-09 13:55:57 com_github_MitjaNemec_ReplicateLayout.action_replicate_layout 475:Corresponding footprints are 
[('Q11', ['/Motor driver 3/']), ('Q3', ['/Motor driver 1/']), ('Q7', ['/Motor driver 2/']), ('Q15', ['/Motor driver 4/'])]
03-09 13:55:57 com_github_MitjaNemec_ReplicateLayout.action_replicate_layout 487:Showing dialog
03-09 13:55:57 com_github_MitjaNemec_ReplicateLayout.replicate_layout 472:constructing a list of sheets suitable for replication on level:'/Motor driver 1/', file:'dc_motor_driver.kicad_sch'
03-09 13:55:57 com_github_MitjaNemec_ReplicateLayout.replicate_layout 509:suitable sheets are:[['/Motor driver 2/'], ['/Motor driver 3/'], ['/Motor driver 4/']]
03-09 13:55:57 com_github_MitjaNemec_ReplicateLayout.replicate_layout 1507:Level selected: ['/Motor driver 1/']
03-09 13:55:57 com_github_MitjaNemec_ReplicateLayout.replicate_layout 1331:Filtering list of tracks
03-09 13:55:57 com_github_MitjaNemec_ReplicateLayout.action_replicate_layout 493:Toolbar position: wx.Point(2341, 99)
03-09 13:55:57 com_github_MitjaNemec_ReplicateLayout.action_replicate_layout 498:Dialog position: wx.Point(1902, 99)
03-09 13:55:59 com_github_MitjaNemec_ReplicateLayout.replicate_layout 472:constructing a list of sheets suitable for replication on level:'/Motor driver 1/', file:'dc_motor_driver.kicad_sch'
03-09 13:55:59 com_github_MitjaNemec_ReplicateLayout.replicate_layout 509:suitable sheets are:[['/Motor driver 2/'], ['/Motor driver 3/'], ['/Motor driver 4/']]
03-09 13:55:59 com_github_MitjaNemec_ReplicateLayout.action_replicate_layout 240:Replicating layout
03-09 13:55:59 com_github_MitjaNemec_ReplicateLayout.replicate_layout 288:Starting replication of sheets: [['/Motor driver 3/'], ['/Motor driver 4/']]
on level: ['/Motor driver 1/']
with tracks=True, zone=True, text=True, text=True, intersecting=False, remove=False, locked footprints=False, group_only=False
03-09 13:55:59 root 332:updating GUI message: 'Preparing for replication'
03-09 13:56:00 com_github_MitjaNemec_ReplicateLayout.replicate_layout 358:Getting the list of source footprints
03-09 13:56:00 root 337:updating GUI with: 0
03-09 13:56:00 com_github_MitjaNemec_ReplicateLayout.replicate_layout 368:Getting the list of all the remaining footprints
03-09 13:56:00 com_github_MitjaNemec_ReplicateLayout.replicate_layout 375:Getting source tracks
03-09 13:56:00 com_github_MitjaNemec_ReplicateLayout.replicate_layout 1331:Filtering list of tracks
03-09 13:56:00 com_github_MitjaNemec_ReplicateLayout.replicate_layout 379:Getting source zones
03-09 13:56:00 com_github_MitjaNemec_ReplicateLayout.replicate_layout 383:Getting source text items
03-09 13:56:00 com_github_MitjaNemec_ReplicateLayout.replicate_layout 387:Getting source drawing items
03-09 13:56:00 root 332:updating GUI message: 'Replicating footprints'
03-09 13:56:00 com_github_MitjaNemec_ReplicateLayout.replicate_layout 861:Replicating footprints
03-09 13:56:00 root 337:updating GUI with: 0
03-09 13:56:00 com_github_MitjaNemec_ReplicateLayout.replicate_layout 868:Replicating footprints on sheet ['/Motor driver 3/']
03-09 13:56:00 com_github_MitjaNemec_ReplicateLayout.replicate_layout 985:Src text UUid:2a54c20a-2ea7-463e-a665-72f874ad4fea
03-09 13:56:00 com_github_MitjaNemec_ReplicateLayout.replicate_layout 986:Dst text UUid:abd02e9c-3eef-4cd9-85c0-c8e93b845413
03-09 13:56:00 com_github_MitjaNemec_ReplicateLayout.replicate_layout 985:Src text UUid:6f027586-3ca2-4729-b8cf-4ddd8a5afc1b
03-09 13:56:00 com_github_MitjaNemec_ReplicateLayout.replicate_layout 986:Dst text UUid:9112a47a-cede-458a-b497-e80a70ea55b4
03-09 13:56:00 com_github_MitjaNemec_ReplicateLayout.replicate_layout 985:Src text UUid:c8816b7d-5a13-4559-a9ef-1518a7538a49
03-09 13:56:00 com_github_MitjaNemec_ReplicateLayout.replicate_layout 986:Dst text UUid:f68cc728-c971-4e2f-be16-4ebf0de982f4
03-09 13:56:00 com_github_MitjaNemec_ReplicateLayout.replicate_layout 985:Src text UUid:50aff9b3-4d50-4697-b86f-64ff4df767f9
03-09 13:56:00 com_github_MitjaNemec_ReplicateLayout.replicate_layout 986:Dst text UUid:72d6c0a0-894a-4be1-9840-3d821a1369ff
03-09 13:56:00 com_github_MitjaNemec_ReplicateLayout.replicate_layout 985:Src text UUid:cf99a5d2-210f-464c-a436-9690f7879ce9
03-09 13:56:00 com_github_MitjaNemec_ReplicateLayout.replicate_layout 986:Dst text UUid:77b00423-fd61-4a5e-af01-1713c9364ba4
03-09 13:56:00 com_github_MitjaNemec_ReplicateLayout.replicate_layout 985:Src text UUid:4c27338d-8099-4087-93dd-2657f476241b
03-09 13:56:00 com_github_MitjaNemec_ReplicateLayout.replicate_layout 986:Dst text UUid:01f55430-30a5-4814-9049-58c45bc1c2f6
03-09 13:56:00 com_github_MitjaNemec_ReplicateLayout.replicate_layout 985:Src text UUid:3c02fc4a-6616-49fa-9bbf-123ee2ef2bf5
03-09 13:56:00 com_github_MitjaNemec_ReplicateLayout.replicate_layout 986:Dst text UUid:7c393e9b-58f1-4336-b2d3-c4ea6feaf469
03-09 13:56:00 com_github_MitjaNemec_ReplicateLayout.replicate_layout 985:Src text UUid:28d8f5f4-5844-4556-8b15-4bf522789ba4
03-09 13:56:00 com_github_MitjaNemec_ReplicateLayout.replicate_layout 986:Dst text UUid:2fba97d4-fcd8-4937-93f0-7648fd661acd
03-09 13:56:00 com_github_MitjaNemec_ReplicateLayout.replicate_layout 985:Src text UUid:e2860304-7133-49f3-8126-becf65b3fea8
03-09 13:56:00 com_github_MitjaNemec_ReplicateLayout.replicate_layout 986:Dst text UUid:447de740-a061-4fde-a34f-c9ca06571b0d
03-09 13:56:00 com_github_MitjaNemec_ReplicateLayout.replicate_layout 985:Src text UUid:539db142-54cd-483b-826a-ec66b963533e
03-09 13:56:00 com_github_MitjaNemec_ReplicateLayout.replicate_layout 986:Dst text UUid:46136adb-0fe1-4825-a642-aca9ee61d1ef
03-09 13:56:00 com_github_MitjaNemec_ReplicateLayout.replicate_layout 985:Src text UUid:1423eaf3-611b-4ec5-ae07-73f058c68909
03-09 13:56:00 com_github_MitjaNemec_ReplicateLayout.replicate_layout 986:Dst text UUid:c412ca47-2a84-490c-94d3-606807cb5c56
03-09 13:56:00 com_github_MitjaNemec_ReplicateLayout.replicate_layout 985:Src text UUid:0bd7baae-388e-4044-8568-70966c587819
03-09 13:56:00 com_github_MitjaNemec_ReplicateLayout.replicate_layout 986:Dst text UUid:8c1811e7-ee33-40fe-a357-5625761a02f0
03-09 13:56:00 com_github_MitjaNemec_ReplicateLayout.replicate_layout 985:Src text UUid:70deb2a8-8ae5-4742-a1e3-9fd196047d3f
03-09 13:56:00 com_github_MitjaNemec_ReplicateLayout.replicate_layout 986:Dst text UUid:23015181-4458-4788-901f-5a51a7b61a10
03-09 13:56:00 com_github_MitjaNemec_ReplicateLayout.replicate_layout 985:Src text UUid:3c528e62-fa27-4db2-aee0-567a364b5ec4
03-09 13:56:00 com_github_MitjaNemec_ReplicateLayout.replicate_layout 986:Dst text UUid:b5e37e46-67ac-4ead-9f20-8ed981a9633e
03-09 13:56:00 com_github_MitjaNemec_ReplicateLayout.replicate_layout 985:Src text UUid:2d8538d2-3cab-4720-b99f-ce4ccb63c814
03-09 13:56:00 com_github_MitjaNemec_ReplicateLayout.replicate_layout 986:Dst text UUid:12d7de58-5b81-4467-bea0-71ed4918d20c
03-09 13:56:00 com_github_MitjaNemec_ReplicateLayout.replicate_layout 985:Src text UUid:a46645e4-ae0c-4af4-b90f-830e7f1e6951
03-09 13:56:00 com_github_MitjaNemec_ReplicateLayout.replicate_layout 986:Dst text UUid:aaa3308f-55fa-485e-bf28-2b2fa7705ddc
03-09 13:56:00 com_github_MitjaNemec_ReplicateLayout.replicate_layout 985:Src text UUid:40286933-0b25-4b91-be2c-e336e4bcc2dc
03-09 13:56:00 com_github_MitjaNemec_ReplicateLayout.replicate_layout 986:Dst text UUid:1bcad517-afc2-4097-9956-607fe3c72251
03-09 13:56:00 com_github_MitjaNemec_ReplicateLayout.replicate_layout 985:Src text UUid:48f2df13-5e43-4f40-a022-833f63c93019
03-09 13:56:00 com_github_MitjaNemec_ReplicateLayout.replicate_layout 986:Dst text UUid:3b1bbfea-13e3-4ef8-b66e-43e7764e1026
03-09 13:56:00 com_github_MitjaNemec_ReplicateLayout.replicate_layout 985:Src text UUid:0b206a9e-e084-498e-b6b6-ebb2c60193de
03-09 13:56:00 com_github_MitjaNemec_ReplicateLayout.replicate_layout 986:Dst text UUid:28b25a43-6859-457d-8c8a-5c062e14671e
03-09 13:56:00 com_github_MitjaNemec_ReplicateLayout.replicate_layout 985:Src text UUid:b467f97d-0b03-414b-a1b5-6460e5a1c80b
03-09 13:56:00 com_github_MitjaNemec_ReplicateLayout.replicate_layout 986:Dst text UUid:e76f1390-f30f-4697-bca8-e9f1caf452d1
03-09 13:56:00 com_github_MitjaNemec_ReplicateLayout.replicate_layout 985:Src text UUid:62f8e46d-3748-4795-95dd-13cbaadb56fe
03-09 13:56:00 com_github_MitjaNemec_ReplicateLayout.replicate_layout 986:Dst text UUid:6bf29303-ebe0-441f-bc15-d0c178b6a79f
03-09 13:56:00 com_github_MitjaNemec_ReplicateLayout.replicate_layout 985:Src text UUid:7e0f03f3-7edb-4000-9788-19559efbe5e1
03-09 13:56:00 com_github_MitjaNemec_ReplicateLayout.replicate_layout 986:Dst text UUid:69089e2c-f912-4206-9eed-fe6dc68cce2e
03-09 13:56:00 com_github_MitjaNemec_ReplicateLayout.replicate_layout 985:Src text UUid:0798ab65-9dd6-40d1-8d27-e1b847965e2e
03-09 13:56:00 com_github_MitjaNemec_ReplicateLayout.replicate_layout 986:Dst text UUid:acc64181-2d9e-4971-816a-ef78478a6456
03-09 13:56:00 com_github_MitjaNemec_ReplicateLayout.replicate_layout 985:Src text UUid:d434496c-5999-4344-a464-3e9398995f88
03-09 13:56:00 com_github_MitjaNemec_ReplicateLayout.replicate_layout 986:Dst text UUid:d0dc1119-32b4-4df1-86f4-9887e2a93606
03-09 13:56:00 com_github_MitjaNemec_ReplicateLayout.replicate_layout 985:Src text UUid:41b8ac73-c361-4439-9f2e-a105ba072598
03-09 13:56:00 com_github_MitjaNemec_ReplicateLayout.replicate_layout 986:Dst text UUid:6d8db633-a107-478b-a8e2-70777f5a33a0
03-09 13:56:00 com_github_MitjaNemec_ReplicateLayout.replicate_layout 985:Src text UUid:4d2daa98-5dbf-47cd-b9d3-7ac954356fa0
03-09 13:56:00 com_github_MitjaNemec_ReplicateLayout.replicate_layout 986:Dst text UUid:52dc9a05-bb98-443d-bc16-9a3a70bfb883
03-09 13:56:00 com_github_MitjaNemec_ReplicateLayout.replicate_layout 985:Src text UUid:9f093d6b-c7b7-478b-9a45-1a1730a0fce1
03-09 13:56:00 com_github_MitjaNemec_ReplicateLayout.replicate_layout 986:Dst text UUid:1b4acd05-7a2c-4047-bb84-ae53fc43bde0
03-09 13:56:00 com_github_MitjaNemec_ReplicateLayout.replicate_layout 985:Src text UUid:626b834b-e95a-4a4e-9b73-31c01de63ae0
03-09 13:56:00 com_github_MitjaNemec_ReplicateLayout.replicate_layout 986:Dst text UUid:af20aeeb-0d24-4999-9044-7c65eb38e165
03-09 13:56:00 com_github_MitjaNemec_ReplicateLayout.replicate_layout 985:Src text UUid:8d15de09-0b86-412a-b757-0b42e53539d9
03-09 13:56:00 com_github_MitjaNemec_ReplicateLayout.replicate_layout 986:Dst text UUid:176faad4-b956-4c60-a65c-d9030008f59d
03-09 13:56:00 com_github_MitjaNemec_ReplicateLayout.replicate_layout 985:Src text UUid:ff830fae-779b-4f67-9f56-bc5f133a6899
03-09 13:56:00 com_github_MitjaNemec_ReplicateLayout.replicate_layout 986:Dst text UUid:6be3bbcd-6986-4796-9dec-7d26620e66cd
03-09 13:56:00 com_github_MitjaNemec_ReplicateLayout.replicate_layout 985:Src text UUid:f6f3a52e-84e1-4e42-87a1-c91b782952a3
03-09 13:56:00 com_github_MitjaNemec_ReplicateLayout.replicate_layout 986:Dst text UUid:549789e4-0f3f-42c9-9a71-df5e08b06458
03-09 13:56:00 com_github_MitjaNemec_ReplicateLayout.replicate_layout 985:Src text UUid:cac7b3d9-f416-4567-b145-9f1f88c9db9e
03-09 13:56:00 com_github_MitjaNemec_ReplicateLayout.replicate_layout 986:Dst text UUid:3b8aaacc-18ac-4a85-bb69-e47951f3f049
03-09 13:56:00 com_github_MitjaNemec_ReplicateLayout.replicate_layout 985:Src text UUid:b8e4cd07-89c7-4836-8566-7217958e50b1
03-09 13:56:00 com_github_MitjaNemec_ReplicateLayout.replicate_layout 986:Dst text UUid:f2f3c55a-da1e-4917-ad62-ce217b6c5a37
03-09 13:56:00 com_github_MitjaNemec_ReplicateLayout.replicate_layout 985:Src text UUid:f3186e6e-6a6c-4f1c-8e78-02b378f8c271
03-09 13:56:00 com_github_MitjaNemec_ReplicateLayout.replicate_layout 986:Dst text UUid:3dcc1dd1-b49d-4920-8367-694544f57c70
03-09 13:56:00 com_github_MitjaNemec_ReplicateLayout.replicate_layout 985:Src text UUid:afa10d98-be0b-4e7d-9b3b-34b70b24c19e
03-09 13:56:00 com_github_MitjaNemec_ReplicateLayout.replicate_layout 986:Dst text UUid:ce684bb7-a6de-41ca-a49d-8033da81a19f
03-09 13:56:00 com_github_MitjaNemec_ReplicateLayout.replicate_layout 985:Src text UUid:b5d5c523-c36c-444d-aaa7-67f0cf063b69
03-09 13:56:00 com_github_MitjaNemec_ReplicateLayout.replicate_layout 986:Dst text UUid:2f5de93c-a07e-4d4b-b2da-cfe905796244
03-09 13:56:00 com_github_MitjaNemec_ReplicateLayout.replicate_layout 985:Src text UUid:caea9682-9a92-4c97-a275-88b91ffb45dc
03-09 13:56:00 com_github_MitjaNemec_ReplicateLayout.replicate_layout 986:Dst text UUid:077529c4-785e-4114-9e70-ff011a5ee2ff
03-09 13:56:00 com_github_MitjaNemec_ReplicateLayout.replicate_layout 985:Src text UUid:d79fc6cd-da3c-47ed-bc93-e562f31a61e5
03-09 13:56:00 com_github_MitjaNemec_ReplicateLayout.replicate_layout 986:Dst text UUid:b362e47f-9954-49ab-8026-e9a8b669e47d
03-09 13:56:00 com_github_MitjaNemec_ReplicateLayout.replicate_layout 985:Src text UUid:5048d1a5-08c9-441b-b1e7-857b6c47e280
03-09 13:56:00 com_github_MitjaNemec_ReplicateLayout.replicate_layout 986:Dst text UUid:fc11b33b-7089-45ae-96a9-75af7ecec197
03-09 13:56:00 com_github_MitjaNemec_ReplicateLayout.replicate_layout 985:Src text UUid:71fadce3-01fc-497b-bbc2-0d927241c83d
03-09 13:56:00 com_github_MitjaNemec_ReplicateLayout.replicate_layout 986:Dst text UUid:0eaff380-8960-47b2-8840-2816dce67617
03-09 13:56:00 com_github_MitjaNemec_ReplicateLayout.replicate_layout 985:Src text UUid:40536470-5421-49ec-bdf6-238561a3cc58
03-09 13:56:00 com_github_MitjaNemec_ReplicateLayout.replicate_layout 986:Dst text UUid:f281406b-97fe-4dae-aed7-ed6a36823b9d
03-09 13:56:00 com_github_MitjaNemec_ReplicateLayout.replicate_layout 985:Src text UUid:4f8ac140-27b8-434a-96b6-d0654e6d95a6
03-09 13:56:00 com_github_MitjaNemec_ReplicateLayout.replicate_layout 986:Dst text UUid:90363621-746c-4f71-a38f-37f3c00bdaf4
03-09 13:56:00 com_github_MitjaNemec_ReplicateLayout.replicate_layout 985:Src text UUid:bc709763-eb79-41f1-83a7-d4e915a4f9cf
03-09 13:56:00 com_github_MitjaNemec_ReplicateLayout.replicate_layout 986:Dst text UUid:7fa95a8e-af68-4458-baf0-cffd460fb0bd
03-09 13:56:00 com_github_MitjaNemec_ReplicateLayout.replicate_layout 985:Src text UUid:0c530e13-2310-48b6-a1eb-2f3d8341d6ab
03-09 13:56:00 com_github_MitjaNemec_ReplicateLayout.replicate_layout 986:Dst text UUid:76478d5d-a2ef-4a27-abaa-0da7daace051
03-09 13:56:00 com_github_MitjaNemec_ReplicateLayout.replicate_layout 985:Src text UUid:1c01d236-a69d-47b3-b991-6dabd8b3ae13
03-09 13:56:00 com_github_MitjaNemec_ReplicateLayout.replicate_layout 986:Dst text UUid:fb2faa0c-7c0f-40b2-9e1c-94d6165d1fac
03-09 13:56:00 com_github_MitjaNemec_ReplicateLayout.replicate_layout 985:Src text UUid:3311308d-6956-4a0f-b893-2df90acb0d35
03-09 13:56:00 com_github_MitjaNemec_ReplicateLayout.replicate_layout 986:Dst text UUid:4d041acd-d2d0-4e27-862e-e6e0d04dfe55
03-09 13:56:00 com_github_MitjaNemec_ReplicateLayout.replicate_layout 985:Src text UUid:763f4ecf-d21a-48b7-b613-b9eae5df7181
03-09 13:56:00 com_github_MitjaNemec_ReplicateLayout.replicate_layout 986:Dst text UUid:ee764f16-8b40-4f5a-bbed-63107c09bcbf
03-09 13:56:00 com_github_MitjaNemec_ReplicateLayout.replicate_layout 985:Src text UUid:2256ae84-ed28-4809-ad15-ed37bd9d420b
03-09 13:56:00 com_github_MitjaNemec_ReplicateLayout.replicate_layout 986:Dst text UUid:73e7e2b3-335c-456b-ac33-94de3c5be3c0
03-09 13:56:00 com_github_MitjaNemec_ReplicateLayout.replicate_layout 985:Src text UUid:eb349782-9bb1-46d1-9f3d-aac1c3441ecd
03-09 13:56:00 com_github_MitjaNemec_ReplicateLayout.replicate_layout 986:Dst text UUid:a55c1533-932e-47a5-aa6b-85e1e140e8b4
03-09 13:56:00 com_github_MitjaNemec_ReplicateLayout.replicate_layout 985:Src text UUid:76d912da-3d20-4680-a365-19dd8f7c62dd
03-09 13:56:00 com_github_MitjaNemec_ReplicateLayout.replicate_layout 986:Dst text UUid:d281fd5f-00a9-4fb8-b7f6-b2d04d9c24b5
03-09 13:56:00 com_github_MitjaNemec_ReplicateLayout.replicate_layout 985:Src text UUid:0a10cc84-862d-4799-b114-227e9b07bd1c
03-09 13:56:00 com_github_MitjaNemec_ReplicateLayout.replicate_layout 986:Dst text UUid:e56a38ee-6f51-47ce-ace7-5c8eb1be4ac0
03-09 13:56:00 com_github_MitjaNemec_ReplicateLayout.replicate_layout 985:Src text UUid:cbd71f91-fa45-4314-b99f-51332d656316
03-09 13:56:00 com_github_MitjaNemec_ReplicateLayout.replicate_layout 986:Dst text UUid:972200f5-fc64-4b6c-947e-9de5fc78cff2
03-09 13:56:00 com_github_MitjaNemec_ReplicateLayout.replicate_layout 985:Src text UUid:f45f417e-153b-41f9-a9be-56c0b283133d
03-09 13:56:00 com_github_MitjaNemec_ReplicateLayout.replicate_layout 986:Dst text UUid:3e203b6c-12c9-41b8-a825-d94178b7db8a
03-09 13:56:00 com_github_MitjaNemec_ReplicateLayout.replicate_layout 985:Src text UUid:4a887b3c-91e6-45fe-a340-bdd84b4ba6b6
03-09 13:56:00 com_github_MitjaNemec_ReplicateLayout.replicate_layout 986:Dst text UUid:57fc1a9a-9d61-45a5-8b2f-71fda069a298
03-09 13:56:00 com_github_MitjaNemec_ReplicateLayout.replicate_layout 985:Src text UUid:c86998b1-5693-4d10-a5cc-8416493af87d
03-09 13:56:00 com_github_MitjaNemec_ReplicateLayout.replicate_layout 986:Dst text UUid:12007a3c-aeea-40dc-94ed-521cf783eb6e
03-09 13:56:00 com_github_MitjaNemec_ReplicateLayout.replicate_layout 985:Src text UUid:784a7c41-43b1-45d7-81e7-d384e8002dd8
03-09 13:56:00 com_github_MitjaNemec_ReplicateLayout.replicate_layout 986:Dst text UUid:53ae7aaf-5740-4832-8733-5e893e9fd75b
03-09 13:56:00 com_github_MitjaNemec_ReplicateLayout.replicate_layout 985:Src text UUid:dec885b2-e905-4d9d-bc3d-f9e29144bcc2
03-09 13:56:00 com_github_MitjaNemec_ReplicateLayout.replicate_layout 986:Dst text UUid:48695dd8-108f-4ca5-a973-a905c6f2cb67
03-09 13:56:00 com_github_MitjaNemec_ReplicateLayout.replicate_layout 985:Src text UUid:e64b64be-49d2-4e99-975f-4b07455b3d2e
03-09 13:56:00 com_github_MitjaNemec_ReplicateLayout.replicate_layout 986:Dst text UUid:37154622-58c0-45e2-949b-5475baf84487
03-09 13:56:00 com_github_MitjaNemec_ReplicateLayout.replicate_layout 985:Src text UUid:c12e1008-340a-46b5-8d20-147d27fa3282
03-09 13:56:00 com_github_MitjaNemec_ReplicateLayout.replicate_layout 986:Dst text UUid:90f72fdb-24e0-4c59-8100-cc82130de6d1
03-09 13:56:00 com_github_MitjaNemec_ReplicateLayout.replicate_layout 985:Src text UUid:87b4c1b7-37c1-43b0-9110-113f1090ca74
03-09 13:56:00 com_github_MitjaNemec_ReplicateLayout.replicate_layout 986:Dst text UUid:bf36619f-ceb3-4c92-a60c-1db2a3f0e7cc
03-09 13:56:00 com_github_MitjaNemec_ReplicateLayout.replicate_layout 985:Src text UUid:a53afe1a-8eaf-4bf1-870d-49752e9ea17f
03-09 13:56:00 com_github_MitjaNemec_ReplicateLayout.replicate_layout 986:Dst text UUid:8f907fdb-0382-4115-91cc-178c499d2ca0
03-09 13:56:00 com_github_MitjaNemec_ReplicateLayout.replicate_layout 985:Src text UUid:94c6639e-6420-437d-aef6-44521dcaf2d1
03-09 13:56:00 com_github_MitjaNemec_ReplicateLayout.replicate_layout 986:Dst text UUid:7d874446-cc68-4309-8e39-31e3ed29f68e
03-09 13:56:00 com_github_MitjaNemec_ReplicateLayout.replicate_layout 985:Src text UUid:8bd767ee-75a3-4ed2-90e8-03a928d9b3b1
03-09 13:56:00 com_github_MitjaNemec_ReplicateLayout.replicate_layout 986:Dst text UUid:19fb3843-8d8f-466c-823a-e8eba5e6ca09
03-09 13:56:00 com_github_MitjaNemec_ReplicateLayout.replicate_layout 985:Src text UUid:ef6daffe-342a-4a3a-99ff-4ee88d85e781
03-09 13:56:00 com_github_MitjaNemec_ReplicateLayout.replicate_layout 986:Dst text UUid:582372e6-1ebd-4aec-8a72-553623e9e5f2
03-09 13:56:00 com_github_MitjaNemec_ReplicateLayout.replicate_layout 985:Src text UUid:a8668d08-39a1-45a1-9fbf-1396ecdfef42
03-09 13:56:00 com_github_MitjaNemec_ReplicateLayout.replicate_layout 986:Dst text UUid:d0d039c0-9cd9-4972-b16f-17080b1981dd
03-09 13:56:00 com_github_MitjaNemec_ReplicateLayout.replicate_layout 985:Src text UUid:42f59f18-1feb-4ffd-a853-66e29f9215fd
03-09 13:56:00 com_github_MitjaNemec_ReplicateLayout.replicate_layout 986:Dst text UUid:c67329cd-86be-4df0-a8d9-5ae29cad255c
03-09 13:56:00 com_github_MitjaNemec_ReplicateLayout.replicate_layout 985:Src text UUid:1857104b-57b7-4888-836e-6352001b6498
03-09 13:56:00 com_github_MitjaNemec_ReplicateLayout.replicate_layout 986:Dst text UUid:67f28865-73b9-4c05-a3b1-2eefb1c3578e
03-09 13:56:00 com_github_MitjaNemec_ReplicateLayout.replicate_layout 985:Src text UUid:967481bd-f0d7-45ba-a35e-b014a1351884
03-09 13:56:00 com_github_MitjaNemec_ReplicateLayout.replicate_layout 986:Dst text UUid:c0d65128-3c2b-4d24-8897-d51d148ac8d3
03-09 13:56:00 com_github_MitjaNemec_ReplicateLayout.replicate_layout 985:Src text UUid:2f0db9e9-7ab6-42c3-81b4-4bac622082b3
03-09 13:56:00 com_github_MitjaNemec_ReplicateLayout.replicate_layout 986:Dst text UUid:f6af7cee-58b6-4c04-8787-6d7c6530a44e
03-09 13:56:00 com_github_MitjaNemec_ReplicateLayout.replicate_layout 985:Src text UUid:ad39b66e-7b61-48f5-9772-c14512f73bd0
03-09 13:56:00 com_github_MitjaNemec_ReplicateLayout.replicate_layout 986:Dst text UUid:9ff55e00-9baa-4c02-97b4-dd68ae83f08d
03-09 13:56:00 com_github_MitjaNemec_ReplicateLayout.replicate_layout 985:Src text UUid:61dc35b4-2710-44f0-b147-2211ab846eac
03-09 13:56:00 com_github_MitjaNemec_ReplicateLayout.replicate_layout 986:Dst text UUid:ff0881d0-51f5-4e88-8f06-a055204675a4
03-09 13:56:00 com_github_MitjaNemec_ReplicateLayout.replicate_layout 985:Src text UUid:c5e81a02-4ec0-4fd3-a3ff-dfa4d82ce609
03-09 13:56:00 com_github_MitjaNemec_ReplicateLayout.replicate_layout 986:Dst text UUid:93f3c72a-ff0c-467b-8ca2-5374e9e80339
03-09 13:56:00 com_github_MitjaNemec_ReplicateLayout.replicate_layout 985:Src text UUid:733d5e8a-a86c-48fb-93c6-c36c4dfe8125
03-09 13:56:00 com_github_MitjaNemec_ReplicateLayout.replicate_layout 986:Dst text UUid:14d3a1c7-b702-46a6-87c4-7d79913cc96f
03-09 13:56:00 com_github_MitjaNemec_ReplicateLayout.replicate_layout 985:Src text UUid:af8922a1-0e8c-4250-a495-19a549226493
03-09 13:56:00 com_github_MitjaNemec_ReplicateLayout.replicate_layout 986:Dst text UUid:7ca0f04d-46aa-436a-af9b-59c298b82de0
03-09 13:56:00 com_github_MitjaNemec_ReplicateLayout.replicate_layout 985:Src text UUid:537aadfd-1416-4dee-b750-714dff023e1b
03-09 13:56:00 com_github_MitjaNemec_ReplicateLayout.replicate_layout 986:Dst text UUid:a97c93c6-ada4-4a27-bdf9-3f84a9bac34b
03-09 13:56:00 com_github_MitjaNemec_ReplicateLayout.replicate_layout 985:Src text UUid:e6ef2ad9-c054-47ee-824e-aa047e199ae3
03-09 13:56:00 com_github_MitjaNemec_ReplicateLayout.replicate_layout 986:Dst text UUid:a6cf8df8-6fa5-4719-b24f-587c29011758
03-09 13:56:00 com_github_MitjaNemec_ReplicateLayout.replicate_layout 985:Src text UUid:bc4206aa-6dea-4b4a-bda2-8873dcea6e65
03-09 13:56:00 com_github_MitjaNemec_ReplicateLayout.replicate_layout 986:Dst text UUid:00862230-5936-47fe-ae68-0ca16966bff6
03-09 13:56:00 com_github_MitjaNemec_ReplicateLayout.replicate_layout 985:Src text UUid:c36ddb0c-ca8f-4f8a-b6fc-3814e6b54e35
03-09 13:56:00 com_github_MitjaNemec_ReplicateLayout.replicate_layout 986:Dst text UUid:660fd1d4-aecf-48f9-8979-81c751945a90
03-09 13:56:00 com_github_MitjaNemec_ReplicateLayout.replicate_layout 985:Src text UUid:69334e2a-602a-4b97-bc7c-cd1773a263d0
03-09 13:56:00 com_github_MitjaNemec_ReplicateLayout.replicate_layout 986:Dst text UUid:3edba7c8-4f8b-4d5d-adc6-cf1c35a19638
03-09 13:56:00 com_github_MitjaNemec_ReplicateLayout.replicate_layout 985:Src text UUid:58a4df83-c76f-4457-a2f3-5a9f51bf1ed5
03-09 13:56:00 com_github_MitjaNemec_ReplicateLayout.replicate_layout 986:Dst text UUid:75ef49b1-e3db-4f32-886e-1434da8cd475
03-09 13:56:00 com_github_MitjaNemec_ReplicateLayout.replicate_layout 985:Src text UUid:cb67fc37-83fe-4209-9c4e-8ecddb920112
03-09 13:56:00 com_github_MitjaNemec_ReplicateLayout.replicate_layout 986:Dst text UUid:9187ae15-fe48-480f-b27d-531c15ffc947
03-09 13:56:00 com_github_MitjaNemec_ReplicateLayout.replicate_layout 985:Src text UUid:e6e7b64c-92f7-41d9-8bf7-4ad338a80308
03-09 13:56:00 com_github_MitjaNemec_ReplicateLayout.replicate_layout 986:Dst text UUid:e041d479-ca31-4739-9986-aa419ec9e775
03-09 13:56:00 com_github_MitjaNemec_ReplicateLayout.replicate_layout 985:Src text UUid:195bb605-769e-4179-b8da-9abcfcc6160e
03-09 13:56:00 com_github_MitjaNemec_ReplicateLayout.replicate_layout 986:Dst text UUid:863de94a-e963-4f44-850e-2ede0f44ce33
03-09 13:56:00 com_github_MitjaNemec_ReplicateLayout.replicate_layout 985:Src text UUid:9a915750-29a6-4812-aa9b-d319208936c6
03-09 13:56:00 com_github_MitjaNemec_ReplicateLayout.replicate_layout 986:Dst text UUid:377f831d-d3c5-4888-816a-fcaf35beb6b2
03-09 13:56:00 com_github_MitjaNemec_ReplicateLayout.replicate_layout 985:Src text UUid:f4e238f7-1489-4715-8628-6d1cb675c5db
03-09 13:56:00 com_github_MitjaNemec_ReplicateLayout.replicate_layout 986:Dst text UUid:a509407e-2735-4f16-9b7c-8382faf09501
03-09 13:56:00 com_github_MitjaNemec_ReplicateLayout.replicate_layout 985:Src text UUid:7e9a67be-a38f-43b9-bda2-4d5dd2e7e6d5
03-09 13:56:00 com_github_MitjaNemec_ReplicateLayout.replicate_layout 986:Dst text UUid:f52d9d66-fbe7-4d60-83d4-31d2f760aa84
03-09 13:56:00 com_github_MitjaNemec_ReplicateLayout.replicate_layout 985:Src text UUid:a3ef0db2-42a5-477d-9aef-76393dc734cb
03-09 13:56:00 com_github_MitjaNemec_ReplicateLayout.replicate_layout 986:Dst text UUid:a8c2bad3-d68c-43f2-bec9-4f6d11875234
03-09 13:56:00 com_github_MitjaNemec_ReplicateLayout.replicate_layout 985:Src text UUid:7460fc8c-b9cf-4029-8b25-74f4a9325a4a
03-09 13:56:00 com_github_MitjaNemec_ReplicateLayout.replicate_layout 986:Dst text UUid:dabd031b-4bbf-4c6d-a946-2435e35e7f01
03-09 13:56:00 com_github_MitjaNemec_ReplicateLayout.replicate_layout 985:Src text UUid:ae2c8f19-35ec-4b83-a74a-0399f59a337d
03-09 13:56:00 com_github_MitjaNemec_ReplicateLayout.replicate_layout 986:Dst text UUid:a3a1c379-655d-47ca-9fca-ad219499998a
03-09 13:56:00 com_github_MitjaNemec_ReplicateLayout.replicate_layout 985:Src text UUid:ee53932b-d75d-4bbf-93c5-10c7cbc65f13
03-09 13:56:00 com_github_MitjaNemec_ReplicateLayout.replicate_layout 986:Dst text UUid:e2b33e26-aed2-4653-9298-239f8fd8ebbc
03-09 13:56:00 com_github_MitjaNemec_ReplicateLayout.replicate_layout 985:Src text UUid:b437b0a0-a84c-4250-bff5-59ed7530d379
03-09 13:56:00 com_github_MitjaNemec_ReplicateLayout.replicate_layout 986:Dst text UUid:93a10521-423e-4c1b-80db-870f6935f9ae
03-09 13:56:00 com_github_MitjaNemec_ReplicateLayout.replicate_layout 985:Src text UUid:15f5e02f-da48-4b36-a54f-43dc456e89cb
03-09 13:56:00 com_github_MitjaNemec_ReplicateLayout.replicate_layout 986:Dst text UUid:7ed536fc-b11c-4406-87c5-39b9823805b1
03-09 13:56:00 com_github_MitjaNemec_ReplicateLayout.replicate_layout 985:Src text UUid:e54328f6-097e-4b64-babc-094f5f162c1e
03-09 13:56:00 com_github_MitjaNemec_ReplicateLayout.replicate_layout 986:Dst text UUid:832114e3-9601-4d2a-a584-a6c85a3b96d0
03-09 13:56:00 com_github_MitjaNemec_ReplicateLayout.replicate_layout 985:Src text UUid:85733990-f34b-4952-8425-832fb323dd23
03-09 13:56:00 com_github_MitjaNemec_ReplicateLayout.replicate_layout 986:Dst text UUid:2b0298dc-50db-4cc4-b93b-4998e520f9f5
03-09 13:56:00 com_github_MitjaNemec_ReplicateLayout.replicate_layout 985:Src text UUid:a99839b2-1c62-4bd9-aafd-97765959189b
03-09 13:56:00 com_github_MitjaNemec_ReplicateLayout.replicate_layout 986:Dst text UUid:c786a1c1-dcaf-4acc-82d3-9bbade615d17
03-09 13:56:00 com_github_MitjaNemec_ReplicateLayout.replicate_layout 985:Src text UUid:d36c9234-692f-48e2-b08e-b695202cdfa3
03-09 13:56:00 com_github_MitjaNemec_ReplicateLayout.replicate_layout 986:Dst text UUid:dbbd7c69-5234-4fe8-8b2d-dc67938eed09
03-09 13:56:00 com_github_MitjaNemec_ReplicateLayout.replicate_layout 985:Src text UUid:f4ba69b9-eb46-4d3f-912e-f7078b6b1f9f
03-09 13:56:00 com_github_MitjaNemec_ReplicateLayout.replicate_layout 986:Dst text UUid:acf9be3f-837b-4dba-bd53-2f924ecdff8d
03-09 13:56:00 com_github_MitjaNemec_ReplicateLayout.replicate_layout 985:Src text UUid:b7317845-b121-4d17-b30a-a80f69ddda3c
03-09 13:56:00 com_github_MitjaNemec_ReplicateLayout.replicate_layout 986:Dst text UUid:696bb0c0-1007-45b5-a6c4-3b9e6c1a6f8b
03-09 13:56:00 com_github_MitjaNemec_ReplicateLayout.replicate_layout 985:Src text UUid:4514cd0c-0f4f-42e7-a209-a59514711d63
03-09 13:56:00 com_github_MitjaNemec_ReplicateLayout.replicate_layout 986:Dst text UUid:67e0c292-5e3a-4799-a77a-afeaf40f24a4
03-09 13:56:00 root 337:updating GUI with: 37
03-09 13:56:00 com_github_MitjaNemec_ReplicateLayout.replicate_layout 985:Src text UUid:49cb31dd-2f5b-4a12-95f7-212b93a79a4c
03-09 13:56:00 com_github_MitjaNemec_ReplicateLayout.replicate_layout 986:Dst text UUid:89cf5de8-0946-4db8-8268-cd7fbac9187a
03-09 13:56:00 com_github_MitjaNemec_ReplicateLayout.replicate_layout 985:Src text UUid:f04631e3-feb0-44b4-a593-b4af54cc0013
03-09 13:56:00 com_github_MitjaNemec_ReplicateLayout.replicate_layout 986:Dst text UUid:081cdb7a-867c-4a67-908d-c8bcbf3bc504
03-09 13:56:00 com_github_MitjaNemec_ReplicateLayout.replicate_layout 985:Src text UUid:ac5bc1f2-4b99-4930-9260-ff939e57451c
03-09 13:56:00 com_github_MitjaNemec_ReplicateLayout.replicate_layout 986:Dst text UUid:d5aaf68a-3d49-41b4-aaad-44320e459140
03-09 13:56:00 root 337:updating GUI with: 38
03-09 13:56:00 com_github_MitjaNemec_ReplicateLayout.replicate_layout 985:Src text UUid:8be69f0c-c9cc-406f-9f1b-a9aa49c9ad9b
03-09 13:56:00 com_github_MitjaNemec_ReplicateLayout.replicate_layout 986:Dst text UUid:dc7a4c60-deaf-4cc7-a2c2-ebb2e34f59a3
03-09 13:56:00 com_github_MitjaNemec_ReplicateLayout.replicate_layout 985:Src text UUid:b0b04f94-6ea5-4162-8ba8-cec2d016beec
03-09 13:56:00 com_github_MitjaNemec_ReplicateLayout.replicate_layout 986:Dst text UUid:4559aba9-7536-4696-be0b-98f488b01f76
03-09 13:56:00 com_github_MitjaNemec_ReplicateLayout.replicate_layout 985:Src text UUid:446bf2b2-9d7e-47b4-9188-d1cb10f5cefd
03-09 13:56:00 com_github_MitjaNemec_ReplicateLayout.replicate_layout 986:Dst text UUid:6b4b0653-de7e-4a32-adc6-adca6a147df6
03-09 13:56:00 com_github_MitjaNemec_ReplicateLayout.replicate_layout 985:Src text UUid:49dd8963-049a-4179-86b6-12b825efb551
03-09 13:56:00 com_github_MitjaNemec_ReplicateLayout.replicate_layout 986:Dst text UUid:83d7deb7-11ce-49e6-8da3-a82fbd4fbb12
03-09 13:56:00 com_github_MitjaNemec_ReplicateLayout.replicate_layout 985:Src text UUid:28b4ee5f-ce57-468c-918f-ffbc9dab1536
03-09 13:56:00 com_github_MitjaNemec_ReplicateLayout.replicate_layout 986:Dst text UUid:e0080e03-c779-4a6b-a67d-72b50cfdb429
03-09 13:56:00 com_github_MitjaNemec_ReplicateLayout.replicate_layout 985:Src text UUid:395f4e86-7e7b-4b20-9677-b9c4af953fd0
03-09 13:56:00 com_github_MitjaNemec_ReplicateLayout.replicate_layout 986:Dst text UUid:13bfc2dc-436c-43de-8ddc-bc0312e316b7
03-09 13:56:00 com_github_MitjaNemec_ReplicateLayout.replicate_layout 985:Src text UUid:2f7e7912-3c8f-4166-bf31-b6ac91d985d5
03-09 13:56:00 com_github_MitjaNemec_ReplicateLayout.replicate_layout 986:Dst text UUid:4d986b80-bad2-4870-8409-74748b2e6dfb
03-09 13:56:00 com_github_MitjaNemec_ReplicateLayout.replicate_layout 985:Src text UUid:a00aadda-3b1a-49aa-9bc3-4d2d2ac59648
03-09 13:56:00 com_github_MitjaNemec_ReplicateLayout.replicate_layout 986:Dst text UUid:e4e04be6-8494-4bd9-90c7-82d08c0b29a2
03-09 13:56:00 com_github_MitjaNemec_ReplicateLayout.replicate_layout 985:Src text UUid:30c5425d-4a76-492d-a0ff-2873b9ee575a
03-09 13:56:00 com_github_MitjaNemec_ReplicateLayout.replicate_layout 986:Dst text UUid:651e33dc-74dd-4a49-a659-677f54f9d2fa
03-09 13:56:00 com_github_MitjaNemec_ReplicateLayout.replicate_layout 985:Src text UUid:08ef7b56-5518-4b05-a8ea-4ec7c6d7b09b
03-09 13:56:00 com_github_MitjaNemec_ReplicateLayout.replicate_layout 986:Dst text UUid:f1e6dc4f-5c1e-4617-b6df-4c9ab364c3dc
03-09 13:56:00 com_github_MitjaNemec_ReplicateLayout.replicate_layout 985:Src text UUid:39ff2e95-a74b-493c-bf5c-ab13617a5d4f
03-09 13:56:00 com_github_MitjaNemec_ReplicateLayout.replicate_layout 986:Dst text UUid:4602112e-88d5-4e91-9a2e-59581d72e98f
03-09 13:56:00 com_github_MitjaNemec_ReplicateLayout.replicate_layout 985:Src text UUid:5c4c3850-4cce-4a0d-a3c9-2dc7c287d87c
03-09 13:56:00 com_github_MitjaNemec_ReplicateLayout.replicate_layout 986:Dst text UUid:5657809d-535e-4b85-8877-c9d78a9c81c1
03-09 13:56:00 com_github_MitjaNemec_ReplicateLayout.replicate_layout 985:Src text UUid:375fc333-e3a3-442f-b4ba-f781d8446449
03-09 13:56:00 com_github_MitjaNemec_ReplicateLayout.replicate_layout 986:Dst text UUid:de200a68-810a-425a-9fb9-bc95bc7403a2
03-09 13:56:00 com_github_MitjaNemec_ReplicateLayout.replicate_layout 985:Src text UUid:3e24c5e4-c0d7-4ddf-b638-9029356562d4
03-09 13:56:00 com_github_MitjaNemec_ReplicateLayout.replicate_layout 986:Dst text UUid:33ada283-0814-4ec1-94d1-e0bb96245029
03-09 13:56:00 com_github_MitjaNemec_ReplicateLayout.replicate_layout 985:Src text UUid:afebe080-2d12-4d3f-b160-153f2568fac9
03-09 13:56:00 com_github_MitjaNemec_ReplicateLayout.replicate_layout 986:Dst text UUid:d920ea0c-c80b-48ee-9b2d-944772722a58
03-09 13:56:00 com_github_MitjaNemec_ReplicateLayout.replicate_layout 985:Src text UUid:76c78420-c090-4365-9a09-7ec62c5fe55b
03-09 13:56:00 com_github_MitjaNemec_ReplicateLayout.replicate_layout 986:Dst text UUid:696b1100-fda8-4cd8-be03-a69422ed33d7
03-09 13:56:00 com_github_MitjaNemec_ReplicateLayout.replicate_layout 985:Src text UUid:77d8e431-baf9-4e7d-908d-4a4dae72b892
03-09 13:56:00 com_github_MitjaNemec_ReplicateLayout.replicate_layout 986:Dst text UUid:77912d8e-9987-4f31-9ecd-b85c5c07f096
03-09 13:56:00 com_github_MitjaNemec_ReplicateLayout.replicate_layout 985:Src text UUid:cd0d4525-34f7-4730-b3fa-cee85d9e01e6
03-09 13:56:00 com_github_MitjaNemec_ReplicateLayout.replicate_layout 986:Dst text UUid:d23d60db-a972-4945-b147-7fddf0d0452f
03-09 13:56:00 com_github_MitjaNemec_ReplicateLayout.replicate_layout 985:Src text UUid:c2fb922f-8cbf-4430-b6e8-111d119505b3
03-09 13:56:00 com_github_MitjaNemec_ReplicateLayout.replicate_layout 986:Dst text UUid:d929f263-726b-4949-9d5f-99f3cc24a35c
03-09 13:56:00 com_github_MitjaNemec_ReplicateLayout.replicate_layout 985:Src text UUid:d5b41679-e8f3-4d2b-9bf7-7886b2df6893
03-09 13:56:00 com_github_MitjaNemec_ReplicateLayout.replicate_layout 986:Dst text UUid:6d4d10e4-71b8-4189-9b4e-02602c953af8
03-09 13:56:00 com_github_MitjaNemec_ReplicateLayout.replicate_layout 985:Src text UUid:f051ce38-e4c4-4625-92b0-36648f125f79
03-09 13:56:00 com_github_MitjaNemec_ReplicateLayout.replicate_layout 986:Dst text UUid:fecf5ee4-f297-458a-a1ce-2b1d1bfa1508
03-09 13:56:00 com_github_MitjaNemec_ReplicateLayout.replicate_layout 985:Src text UUid:9ea7e331-58c3-4448-8db4-ded5782e7afd
03-09 13:56:00 com_github_MitjaNemec_ReplicateLayout.replicate_layout 986:Dst text UUid:3ca4b5b4-b84a-47d3-909d-e6b3902ebef0
03-09 13:56:00 com_github_MitjaNemec_ReplicateLayout.replicate_layout 985:Src text UUid:6339ba14-f2f7-433d-8034-eba172aa1389
03-09 13:56:00 com_github_MitjaNemec_ReplicateLayout.replicate_layout 986:Dst text UUid:b8c0552b-d1d5-4e6d-b09b-692b787c51c4
03-09 13:56:00 com_github_MitjaNemec_ReplicateLayout.replicate_layout 985:Src text UUid:ebfddebc-fe7f-4736-adec-7b30752d4842
03-09 13:56:00 com_github_MitjaNemec_ReplicateLayout.replicate_layout 986:Dst text UUid:bda9d6ef-0519-406e-b20a-7e293c23a909
03-09 13:56:00 com_github_MitjaNemec_ReplicateLayout.replicate_layout 985:Src text UUid:6a12fe54-70bc-40eb-b960-a7a188d63d1a
03-09 13:56:00 com_github_MitjaNemec_ReplicateLayout.replicate_layout 986:Dst text UUid:4d62d69a-1f4b-43a3-9bdd-67976ed8d13c
03-09 13:56:00 com_github_MitjaNemec_ReplicateLayout.replicate_layout 985:Src text UUid:dd5d0157-0d60-4d28-aafa-776d89501f8c
03-09 13:56:00 com_github_MitjaNemec_ReplicateLayout.replicate_layout 986:Dst text UUid:b4a28fca-1119-4a79-87b9-e57f85df7197
03-09 13:56:00 com_github_MitjaNemec_ReplicateLayout.replicate_layout 985:Src text UUid:21488092-fec2-435d-b213-917c4daba0be
03-09 13:56:00 com_github_MitjaNemec_ReplicateLayout.replicate_layout 986:Dst text UUid:a3d67dab-3bb9-428d-816a-782fce415d4e
03-09 13:56:00 com_github_MitjaNemec_ReplicateLayout.replicate_layout 985:Src text UUid:4b45bd27-91d7-4253-8e8c-71413a75a4e9
03-09 13:56:00 com_github_MitjaNemec_ReplicateLayout.replicate_layout 986:Dst text UUid:6c0e39f5-b36c-4cdc-b7e0-c0aaf5e58940
03-09 13:56:00 com_github_MitjaNemec_ReplicateLayout.replicate_layout 985:Src text UUid:fb01b21a-3e33-4353-a6eb-fca1fe775abc
03-09 13:56:00 com_github_MitjaNemec_ReplicateLayout.replicate_layout 986:Dst text UUid:21a6ae3b-2bd5-4f0b-8542-3889b291c858
03-09 13:56:00 com_github_MitjaNemec_ReplicateLayout.replicate_layout 985:Src text UUid:cc107935-5684-4ba1-bd82-3115e9a53eb2
03-09 13:56:00 com_github_MitjaNemec_ReplicateLayout.replicate_layout 986:Dst text UUid:6011b82c-f725-44df-a8b0-225037f2c5a0
03-09 13:56:00 com_github_MitjaNemec_ReplicateLayout.replicate_layout 985:Src text UUid:e59e2d1c-b5ec-4a7e-a9a7-fd229055000c
03-09 13:56:00 com_github_MitjaNemec_ReplicateLayout.replicate_layout 986:Dst text UUid:e0cbd271-3308-4b25-aa2f-62e376a21321
03-09 13:56:00 com_github_MitjaNemec_ReplicateLayout.replicate_layout 985:Src text UUid:dbc0b34f-df48-4df2-aa9a-7abf939c101a
03-09 13:56:00 com_github_MitjaNemec_ReplicateLayout.replicate_layout 986:Dst text UUid:7f1810e9-225d-4dbb-bc33-e637f545388c
03-09 13:56:00 com_github_MitjaNemec_ReplicateLayout.replicate_layout 985:Src text UUid:1351baf6-2980-42f0-8dc2-c8efbef6a160
03-09 13:56:00 com_github_MitjaNemec_ReplicateLayout.replicate_layout 986:Dst text UUid:861c4f53-7830-4285-bdd4-341aa2a41541
03-09 13:56:00 com_github_MitjaNemec_ReplicateLayout.replicate_layout 868:Replicating footprints on sheet ['/Motor driver 4/']
03-09 13:56:00 com_github_MitjaNemec_ReplicateLayout.replicate_layout 985:Src text UUid:2a54c20a-2ea7-463e-a665-72f874ad4fea
03-09 13:56:00 com_github_MitjaNemec_ReplicateLayout.replicate_layout 986:Dst text UUid:ce020e1a-ff41-498d-91e8-668558b245b6
03-09 13:56:00 com_github_MitjaNemec_ReplicateLayout.replicate_layout 985:Src text UUid:6f027586-3ca2-4729-b8cf-4ddd8a5afc1b
03-09 13:56:00 com_github_MitjaNemec_ReplicateLayout.replicate_layout 986:Dst text UUid:13d900a1-0c8a-4993-931f-e11c579a02d1
03-09 13:56:00 com_github_MitjaNemec_ReplicateLayout.replicate_layout 985:Src text UUid:c8816b7d-5a13-4559-a9ef-1518a7538a49
03-09 13:56:00 com_github_MitjaNemec_ReplicateLayout.replicate_layout 986:Dst text UUid:d0ef2cb0-081e-4601-a003-85148ffd6bfd
03-09 13:56:00 com_github_MitjaNemec_ReplicateLayout.replicate_layout 985:Src text UUid:50aff9b3-4d50-4697-b86f-64ff4df767f9
03-09 13:56:00 com_github_MitjaNemec_ReplicateLayout.replicate_layout 986:Dst text UUid:91ed1acc-4274-415e-a54d-2857d32a3168
03-09 13:56:00 com_github_MitjaNemec_ReplicateLayout.replicate_layout 985:Src text UUid:cf99a5d2-210f-464c-a436-9690f7879ce9
03-09 13:56:00 com_github_MitjaNemec_ReplicateLayout.replicate_layout 986:Dst text UUid:e23ce76a-c43f-4dbe-8099-4178e3a1de33
03-09 13:56:00 com_github_MitjaNemec_ReplicateLayout.replicate_layout 985:Src text UUid:4c27338d-8099-4087-93dd-2657f476241b
03-09 13:56:00 com_github_MitjaNemec_ReplicateLayout.replicate_layout 986:Dst text UUid:ae503aaf-cce8-4923-bc89-7c42af55cc29
03-09 13:56:00 com_github_MitjaNemec_ReplicateLayout.replicate_layout 985:Src text UUid:3c02fc4a-6616-49fa-9bbf-123ee2ef2bf5
03-09 13:56:00 com_github_MitjaNemec_ReplicateLayout.replicate_layout 986:Dst text UUid:d5cdbb56-2397-4b54-8150-9ca241f4c0fe
03-09 13:56:00 com_github_MitjaNemec_ReplicateLayout.replicate_layout 985:Src text UUid:28d8f5f4-5844-4556-8b15-4bf522789ba4
03-09 13:56:00 com_github_MitjaNemec_ReplicateLayout.replicate_layout 986:Dst text UUid:0392fc7b-deae-4f65-85f9-cba310e2b6d4
03-09 13:56:00 com_github_MitjaNemec_ReplicateLayout.replicate_layout 985:Src text UUid:e2860304-7133-49f3-8126-becf65b3fea8
03-09 13:56:00 com_github_MitjaNemec_ReplicateLayout.replicate_layout 986:Dst text UUid:38f5287f-2b3d-4ddc-b06e-e56fe341721b
03-09 13:56:00 com_github_MitjaNemec_ReplicateLayout.replicate_layout 985:Src text UUid:539db142-54cd-483b-826a-ec66b963533e
03-09 13:56:00 com_github_MitjaNemec_ReplicateLayout.replicate_layout 986:Dst text UUid:c69a5974-bea6-4129-b783-5c9c233268bc
03-09 13:56:00 com_github_MitjaNemec_ReplicateLayout.replicate_layout 985:Src text UUid:1423eaf3-611b-4ec5-ae07-73f058c68909
03-09 13:56:00 com_github_MitjaNemec_ReplicateLayout.replicate_layout 986:Dst text UUid:56f2e5ab-9caf-49e0-a3bf-5ee2dfd1030b
03-09 13:56:00 com_github_MitjaNemec_ReplicateLayout.replicate_layout 985:Src text UUid:0bd7baae-388e-4044-8568-70966c587819
03-09 13:56:00 com_github_MitjaNemec_ReplicateLayout.replicate_layout 986:Dst text UUid:4ffb572e-b28f-48bc-84a5-8cf2aa495f5e
03-09 13:56:00 com_github_MitjaNemec_ReplicateLayout.replicate_layout 985:Src text UUid:70deb2a8-8ae5-4742-a1e3-9fd196047d3f
03-09 13:56:00 com_github_MitjaNemec_ReplicateLayout.replicate_layout 986:Dst text UUid:b3741c6d-0c49-49a6-9a01-22a577c07e3e
03-09 13:56:00 com_github_MitjaNemec_ReplicateLayout.replicate_layout 985:Src text UUid:3c528e62-fa27-4db2-aee0-567a364b5ec4
03-09 13:56:00 com_github_MitjaNemec_ReplicateLayout.replicate_layout 986:Dst text UUid:fdcf9e34-3385-4311-b1f4-114684d8f8b2
03-09 13:56:00 com_github_MitjaNemec_ReplicateLayout.replicate_layout 985:Src text UUid:2d8538d2-3cab-4720-b99f-ce4ccb63c814
03-09 13:56:00 com_github_MitjaNemec_ReplicateLayout.replicate_layout 986:Dst text UUid:2dee7cfd-66b0-4559-a063-aa2edf92d19d
03-09 13:56:00 com_github_MitjaNemec_ReplicateLayout.replicate_layout 985:Src text UUid:a46645e4-ae0c-4af4-b90f-830e7f1e6951
03-09 13:56:00 com_github_MitjaNemec_ReplicateLayout.replicate_layout 986:Dst text UUid:46c324bf-226b-4d07-a6c7-344df35529f0
03-09 13:56:00 com_github_MitjaNemec_ReplicateLayout.replicate_layout 985:Src text UUid:40286933-0b25-4b91-be2c-e336e4bcc2dc
03-09 13:56:00 com_github_MitjaNemec_ReplicateLayout.replicate_layout 986:Dst text UUid:91fa07ed-251b-4bf5-b116-33dda4bab7ca
03-09 13:56:00 com_github_MitjaNemec_ReplicateLayout.replicate_layout 985:Src text UUid:48f2df13-5e43-4f40-a022-833f63c93019
03-09 13:56:00 com_github_MitjaNemec_ReplicateLayout.replicate_layout 986:Dst text UUid:62e0d280-45a2-4935-8ba1-45c5788c844c
03-09 13:56:00 com_github_MitjaNemec_ReplicateLayout.replicate_layout 985:Src text UUid:0b206a9e-e084-498e-b6b6-ebb2c60193de
03-09 13:56:00 com_github_MitjaNemec_ReplicateLayout.replicate_layout 986:Dst text UUid:2aff8b31-d036-4517-8f22-dffdc39fc00c
03-09 13:56:00 com_github_MitjaNemec_ReplicateLayout.replicate_layout 985:Src text UUid:b467f97d-0b03-414b-a1b5-6460e5a1c80b
03-09 13:56:00 com_github_MitjaNemec_ReplicateLayout.replicate_layout 986:Dst text UUid:b41a9fed-a19b-4fb2-a6a3-7af697b5f11c
03-09 13:56:00 com_github_MitjaNemec_ReplicateLayout.replicate_layout 985:Src text UUid:62f8e46d-3748-4795-95dd-13cbaadb56fe
03-09 13:56:00 com_github_MitjaNemec_ReplicateLayout.replicate_layout 986:Dst text UUid:a3856c94-de42-46d7-a53d-23286be9cc08
03-09 13:56:00 com_github_MitjaNemec_ReplicateLayout.replicate_layout 985:Src text UUid:7e0f03f3-7edb-4000-9788-19559efbe5e1
03-09 13:56:00 com_github_MitjaNemec_ReplicateLayout.replicate_layout 986:Dst text UUid:14f9baeb-a777-4e01-bdef-3d07fe68daf6
03-09 13:56:00 com_github_MitjaNemec_ReplicateLayout.replicate_layout 985:Src text UUid:0798ab65-9dd6-40d1-8d27-e1b847965e2e
03-09 13:56:00 com_github_MitjaNemec_ReplicateLayout.replicate_layout 986:Dst text UUid:78bf7e9c-c68e-46a9-8df5-85f3785e0443
03-09 13:56:00 com_github_MitjaNemec_ReplicateLayout.replicate_layout 985:Src text UUid:d434496c-5999-4344-a464-3e9398995f88
03-09 13:56:00 com_github_MitjaNemec_ReplicateLayout.replicate_layout 986:Dst text UUid:9937ecdf-ae88-453f-bd52-76f829d27561
03-09 13:56:00 com_github_MitjaNemec_ReplicateLayout.replicate_layout 985:Src text UUid:41b8ac73-c361-4439-9f2e-a105ba072598
03-09 13:56:00 com_github_MitjaNemec_ReplicateLayout.replicate_layout 986:Dst text UUid:7291a386-9d64-4392-b389-fc3c02f69691
03-09 13:56:00 com_github_MitjaNemec_ReplicateLayout.replicate_layout 985:Src text UUid:4d2daa98-5dbf-47cd-b9d3-7ac954356fa0
03-09 13:56:00 com_github_MitjaNemec_ReplicateLayout.replicate_layout 986:Dst text UUid:7f4c9eb9-d575-4a9e-926a-3c5c33a34bcb
03-09 13:56:00 com_github_MitjaNemec_ReplicateLayout.replicate_layout 985:Src text UUid:9f093d6b-c7b7-478b-9a45-1a1730a0fce1
03-09 13:56:00 com_github_MitjaNemec_ReplicateLayout.replicate_layout 986:Dst text UUid:7adfa412-34b3-415e-ab89-90cd6ccc7540
03-09 13:56:00 com_github_MitjaNemec_ReplicateLayout.replicate_layout 985:Src text UUid:626b834b-e95a-4a4e-9b73-31c01de63ae0
03-09 13:56:00 com_github_MitjaNemec_ReplicateLayout.replicate_layout 986:Dst text UUid:24a12995-8bd7-4a6b-ad23-a83fddeb46b7
03-09 13:56:00 com_github_MitjaNemec_ReplicateLayout.replicate_layout 985:Src text UUid:8d15de09-0b86-412a-b757-0b42e53539d9
03-09 13:56:00 com_github_MitjaNemec_ReplicateLayout.replicate_layout 986:Dst text UUid:8cf5c762-e363-4d2b-abb2-08b0adc6f881
03-09 13:56:00 com_github_MitjaNemec_ReplicateLayout.replicate_layout 985:Src text UUid:ff830fae-779b-4f67-9f56-bc5f133a6899
03-09 13:56:00 com_github_MitjaNemec_ReplicateLayout.replicate_layout 986:Dst text UUid:f17bf538-bca4-40fd-851d-480aec0545c5
03-09 13:56:00 com_github_MitjaNemec_ReplicateLayout.replicate_layout 985:Src text UUid:f6f3a52e-84e1-4e42-87a1-c91b782952a3
03-09 13:56:00 com_github_MitjaNemec_ReplicateLayout.replicate_layout 986:Dst text UUid:b65fbf91-236f-49d6-97f3-c249306a1f83
03-09 13:56:00 com_github_MitjaNemec_ReplicateLayout.replicate_layout 985:Src text UUid:cac7b3d9-f416-4567-b145-9f1f88c9db9e
03-09 13:56:00 com_github_MitjaNemec_ReplicateLayout.replicate_layout 986:Dst text UUid:5d676592-53d0-433d-8530-5b1f9b875e97
03-09 13:56:00 com_github_MitjaNemec_ReplicateLayout.replicate_layout 985:Src text UUid:b8e4cd07-89c7-4836-8566-7217958e50b1
03-09 13:56:00 com_github_MitjaNemec_ReplicateLayout.replicate_layout 986:Dst text UUid:86885275-ca8b-4210-8e3a-bca1df2951d2
03-09 13:56:00 com_github_MitjaNemec_ReplicateLayout.replicate_layout 985:Src text UUid:f3186e6e-6a6c-4f1c-8e78-02b378f8c271
03-09 13:56:00 com_github_MitjaNemec_ReplicateLayout.replicate_layout 986:Dst text UUid:fca3c7a0-ed89-46ae-89e9-bd1c58e34a2c
03-09 13:56:00 com_github_MitjaNemec_ReplicateLayout.replicate_layout 985:Src text UUid:afa10d98-be0b-4e7d-9b3b-34b70b24c19e
03-09 13:56:00 com_github_MitjaNemec_ReplicateLayout.replicate_layout 986:Dst text UUid:c900ced5-4ab8-46f2-a3d5-15834605dfb3
03-09 13:56:00 com_github_MitjaNemec_ReplicateLayout.replicate_layout 985:Src text UUid:b5d5c523-c36c-444d-aaa7-67f0cf063b69
03-09 13:56:00 com_github_MitjaNemec_ReplicateLayout.replicate_layout 986:Dst text UUid:d2827937-d84a-4819-b8f9-859c4659f24e
03-09 13:56:00 com_github_MitjaNemec_ReplicateLayout.replicate_layout 985:Src text UUid:caea9682-9a92-4c97-a275-88b91ffb45dc
03-09 13:56:00 com_github_MitjaNemec_ReplicateLayout.replicate_layout 986:Dst text UUid:058807c3-a4bb-47ec-b964-415c044f724c
03-09 13:56:00 com_github_MitjaNemec_ReplicateLayout.replicate_layout 985:Src text UUid:d79fc6cd-da3c-47ed-bc93-e562f31a61e5
03-09 13:56:00 com_github_MitjaNemec_ReplicateLayout.replicate_layout 986:Dst text UUid:cb00f87c-4399-4798-8edb-fbeadaa8832a
03-09 13:56:00 com_github_MitjaNemec_ReplicateLayout.replicate_layout 985:Src text UUid:5048d1a5-08c9-441b-b1e7-857b6c47e280
03-09 13:56:00 com_github_MitjaNemec_ReplicateLayout.replicate_layout 986:Dst text UUid:f51d744c-ad6b-4ba9-8c28-96bc070e478d
03-09 13:56:00 com_github_MitjaNemec_ReplicateLayout.replicate_layout 985:Src text UUid:71fadce3-01fc-497b-bbc2-0d927241c83d
03-09 13:56:00 com_github_MitjaNemec_ReplicateLayout.replicate_layout 986:Dst text UUid:c853b26a-4c01-437b-8a37-0bd96b029fb3
03-09 13:56:00 com_github_MitjaNemec_ReplicateLayout.replicate_layout 985:Src text UUid:40536470-5421-49ec-bdf6-238561a3cc58
03-09 13:56:00 com_github_MitjaNemec_ReplicateLayout.replicate_layout 986:Dst text UUid:1101139d-6049-48f3-b138-b457e05fa528
03-09 13:56:00 com_github_MitjaNemec_ReplicateLayout.replicate_layout 985:Src text UUid:4f8ac140-27b8-434a-96b6-d0654e6d95a6
03-09 13:56:00 com_github_MitjaNemec_ReplicateLayout.replicate_layout 986:Dst text UUid:e880d9a1-bc8f-427f-8c3c-3e04b7bb6220
03-09 13:56:00 com_github_MitjaNemec_ReplicateLayout.replicate_layout 985:Src text UUid:bc709763-eb79-41f1-83a7-d4e915a4f9cf
03-09 13:56:00 com_github_MitjaNemec_ReplicateLayout.replicate_layout 986:Dst text UUid:29118165-497c-4d56-9b64-d4272e186e28
03-09 13:56:00 com_github_MitjaNemec_ReplicateLayout.replicate_layout 985:Src text UUid:0c530e13-2310-48b6-a1eb-2f3d8341d6ab
03-09 13:56:00 com_github_MitjaNemec_ReplicateLayout.replicate_layout 986:Dst text UUid:3d78884e-4adc-41da-b9ef-ce07cafd0aed
03-09 13:56:00 com_github_MitjaNemec_ReplicateLayout.replicate_layout 985:Src text UUid:1c01d236-a69d-47b3-b991-6dabd8b3ae13
03-09 13:56:00 com_github_MitjaNemec_ReplicateLayout.replicate_layout 986:Dst text UUid:346da90d-1ad7-414e-85ee-e1618e4ad808
03-09 13:56:00 com_github_MitjaNemec_ReplicateLayout.replicate_layout 985:Src text UUid:3311308d-6956-4a0f-b893-2df90acb0d35
03-09 13:56:00 com_github_MitjaNemec_ReplicateLayout.replicate_layout 986:Dst text UUid:d22b1fe9-e816-4f80-9895-cbc69c106eca
03-09 13:56:00 com_github_MitjaNemec_ReplicateLayout.replicate_layout 985:Src text UUid:763f4ecf-d21a-48b7-b613-b9eae5df7181
03-09 13:56:00 com_github_MitjaNemec_ReplicateLayout.replicate_layout 986:Dst text UUid:1e35882e-456d-4e35-8ef4-6f762751ab81
03-09 13:56:00 com_github_MitjaNemec_ReplicateLayout.replicate_layout 985:Src text UUid:2256ae84-ed28-4809-ad15-ed37bd9d420b
03-09 13:56:00 com_github_MitjaNemec_ReplicateLayout.replicate_layout 986:Dst text UUid:6cbc5053-0f7b-4136-89eb-194d1e9a13d2
03-09 13:56:00 com_github_MitjaNemec_ReplicateLayout.replicate_layout 985:Src text UUid:eb349782-9bb1-46d1-9f3d-aac1c3441ecd
03-09 13:56:00 com_github_MitjaNemec_ReplicateLayout.replicate_layout 986:Dst text UUid:5a63bf08-224e-41fb-b536-e1ef8e85e590
03-09 13:56:00 com_github_MitjaNemec_ReplicateLayout.replicate_layout 985:Src text UUid:76d912da-3d20-4680-a365-19dd8f7c62dd
03-09 13:56:00 com_github_MitjaNemec_ReplicateLayout.replicate_layout 986:Dst text UUid:8a92a53a-0d8a-421e-a817-abc8753905a5
03-09 13:56:00 com_github_MitjaNemec_ReplicateLayout.replicate_layout 985:Src text UUid:0a10cc84-862d-4799-b114-227e9b07bd1c
03-09 13:56:00 com_github_MitjaNemec_ReplicateLayout.replicate_layout 986:Dst text UUid:53785c1d-72b0-482c-bbb7-5b51d4d6d74c
03-09 13:56:00 com_github_MitjaNemec_ReplicateLayout.replicate_layout 985:Src text UUid:cbd71f91-fa45-4314-b99f-51332d656316
03-09 13:56:00 com_github_MitjaNemec_ReplicateLayout.replicate_layout 986:Dst text UUid:e2711a94-7464-4d37-8bd4-862d2aa0080b
03-09 13:56:00 com_github_MitjaNemec_ReplicateLayout.replicate_layout 985:Src text UUid:f45f417e-153b-41f9-a9be-56c0b283133d
03-09 13:56:00 com_github_MitjaNemec_ReplicateLayout.replicate_layout 986:Dst text UUid:478d91b5-dcf2-4627-8975-566e53b12c5b
03-09 13:56:00 com_github_MitjaNemec_ReplicateLayout.replicate_layout 985:Src text UUid:4a887b3c-91e6-45fe-a340-bdd84b4ba6b6
03-09 13:56:00 com_github_MitjaNemec_ReplicateLayout.replicate_layout 986:Dst text UUid:83fa0e7e-7cd1-4dcf-bd9d-5e7d2e8cfbee
03-09 13:56:00 com_github_MitjaNemec_ReplicateLayout.replicate_layout 985:Src text UUid:c86998b1-5693-4d10-a5cc-8416493af87d
03-09 13:56:00 com_github_MitjaNemec_ReplicateLayout.replicate_layout 986:Dst text UUid:2f73d033-349f-4d73-914f-19777c18bcdb
03-09 13:56:00 com_github_MitjaNemec_ReplicateLayout.replicate_layout 985:Src text UUid:784a7c41-43b1-45d7-81e7-d384e8002dd8
03-09 13:56:00 com_github_MitjaNemec_ReplicateLayout.replicate_layout 986:Dst text UUid:815b55ff-54f4-4087-bd6b-cf2100fc4bf4
03-09 13:56:00 com_github_MitjaNemec_ReplicateLayout.replicate_layout 985:Src text UUid:dec885b2-e905-4d9d-bc3d-f9e29144bcc2
03-09 13:56:00 com_github_MitjaNemec_ReplicateLayout.replicate_layout 986:Dst text UUid:76696efe-cb38-4a4a-924a-8b858fc74392
03-09 13:56:00 com_github_MitjaNemec_ReplicateLayout.replicate_layout 985:Src text UUid:e64b64be-49d2-4e99-975f-4b07455b3d2e
03-09 13:56:00 com_github_MitjaNemec_ReplicateLayout.replicate_layout 986:Dst text UUid:fcad5693-26c6-4367-9e90-9f313c4f68a0
03-09 13:56:00 com_github_MitjaNemec_ReplicateLayout.replicate_layout 985:Src text UUid:c12e1008-340a-46b5-8d20-147d27fa3282
03-09 13:56:00 com_github_MitjaNemec_ReplicateLayout.replicate_layout 986:Dst text UUid:cc5e94f9-e384-4360-bddb-56c7a74442ed
03-09 13:56:00 com_github_MitjaNemec_ReplicateLayout.replicate_layout 985:Src text UUid:87b4c1b7-37c1-43b0-9110-113f1090ca74
03-09 13:56:00 com_github_MitjaNemec_ReplicateLayout.replicate_layout 986:Dst text UUid:76b39660-c7f6-4857-86c9-fbaf9befbfdf
03-09 13:56:00 com_github_MitjaNemec_ReplicateLayout.replicate_layout 985:Src text UUid:a53afe1a-8eaf-4bf1-870d-49752e9ea17f
03-09 13:56:00 com_github_MitjaNemec_ReplicateLayout.replicate_layout 986:Dst text UUid:42e43822-819a-432d-8ee9-609244cca8f4
03-09 13:56:00 com_github_MitjaNemec_ReplicateLayout.replicate_layout 985:Src text UUid:94c6639e-6420-437d-aef6-44521dcaf2d1
03-09 13:56:00 com_github_MitjaNemec_ReplicateLayout.replicate_layout 986:Dst text UUid:c095842a-d898-4aa6-a1a4-3d5209d2f38e
03-09 13:56:00 com_github_MitjaNemec_ReplicateLayout.replicate_layout 985:Src text UUid:8bd767ee-75a3-4ed2-90e8-03a928d9b3b1
03-09 13:56:00 com_github_MitjaNemec_ReplicateLayout.replicate_layout 986:Dst text UUid:f2f7245b-21c2-421e-bf27-3bce6cd74905
03-09 13:56:00 com_github_MitjaNemec_ReplicateLayout.replicate_layout 985:Src text UUid:ef6daffe-342a-4a3a-99ff-4ee88d85e781
03-09 13:56:00 com_github_MitjaNemec_ReplicateLayout.replicate_layout 986:Dst text UUid:92415097-1f2a-4f13-9e53-a3f6a95ab235
03-09 13:56:00 com_github_MitjaNemec_ReplicateLayout.replicate_layout 985:Src text UUid:a8668d08-39a1-45a1-9fbf-1396ecdfef42
03-09 13:56:00 com_github_MitjaNemec_ReplicateLayout.replicate_layout 986:Dst text UUid:b257603e-986a-469b-87fa-2bb25229f2ac
03-09 13:56:00 com_github_MitjaNemec_ReplicateLayout.replicate_layout 985:Src text UUid:42f59f18-1feb-4ffd-a853-66e29f9215fd
03-09 13:56:00 com_github_MitjaNemec_ReplicateLayout.replicate_layout 986:Dst text UUid:a7133dd2-1b83-4b77-9573-f92a8872b014
03-09 13:56:00 com_github_MitjaNemec_ReplicateLayout.replicate_layout 985:Src text UUid:1857104b-57b7-4888-836e-6352001b6498
03-09 13:56:00 com_github_MitjaNemec_ReplicateLayout.replicate_layout 986:Dst text UUid:90b9ad91-a072-4cf9-9c25-7fb42fbcd7b9
03-09 13:56:00 com_github_MitjaNemec_ReplicateLayout.replicate_layout 985:Src text UUid:967481bd-f0d7-45ba-a35e-b014a1351884
03-09 13:56:00 com_github_MitjaNemec_ReplicateLayout.replicate_layout 986:Dst text UUid:aadb69da-d3ff-4a58-aaf1-8cedbce05122
03-09 13:56:00 com_github_MitjaNemec_ReplicateLayout.replicate_layout 985:Src text UUid:2f0db9e9-7ab6-42c3-81b4-4bac622082b3
03-09 13:56:00 com_github_MitjaNemec_ReplicateLayout.replicate_layout 986:Dst text UUid:f404b9b2-6c37-435e-a224-185017cac937
03-09 13:56:00 com_github_MitjaNemec_ReplicateLayout.replicate_layout 985:Src text UUid:ad39b66e-7b61-48f5-9772-c14512f73bd0
03-09 13:56:00 com_github_MitjaNemec_ReplicateLayout.replicate_layout 986:Dst text UUid:38a5915a-aff7-4d8c-ae50-1c79c58540e1
03-09 13:56:00 com_github_MitjaNemec_ReplicateLayout.replicate_layout 985:Src text UUid:61dc35b4-2710-44f0-b147-2211ab846eac
03-09 13:56:00 com_github_MitjaNemec_ReplicateLayout.replicate_layout 986:Dst text UUid:58aa3022-e69e-4dee-ac59-04c72e1cafb5
03-09 13:56:00 com_github_MitjaNemec_ReplicateLayout.replicate_layout 985:Src text UUid:c5e81a02-4ec0-4fd3-a3ff-dfa4d82ce609
03-09 13:56:00 com_github_MitjaNemec_ReplicateLayout.replicate_layout 986:Dst text UUid:68b18b7c-224a-42ea-837f-4ce85fcf214f
03-09 13:56:00 com_github_MitjaNemec_ReplicateLayout.replicate_layout 985:Src text UUid:733d5e8a-a86c-48fb-93c6-c36c4dfe8125
03-09 13:56:00 com_github_MitjaNemec_ReplicateLayout.replicate_layout 986:Dst text UUid:6c202140-4095-45c2-833a-caed61857728
03-09 13:56:00 com_github_MitjaNemec_ReplicateLayout.replicate_layout 985:Src text UUid:af8922a1-0e8c-4250-a495-19a549226493
03-09 13:56:00 com_github_MitjaNemec_ReplicateLayout.replicate_layout 986:Dst text UUid:3341e3cb-47c9-499e-b565-e719cfff496c
03-09 13:56:00 com_github_MitjaNemec_ReplicateLayout.replicate_layout 985:Src text UUid:537aadfd-1416-4dee-b750-714dff023e1b
03-09 13:56:00 com_github_MitjaNemec_ReplicateLayout.replicate_layout 986:Dst text UUid:34bea3c5-741e-4551-8d61-2bba042c1724
03-09 13:56:00 com_github_MitjaNemec_ReplicateLayout.replicate_layout 985:Src text UUid:e6ef2ad9-c054-47ee-824e-aa047e199ae3
03-09 13:56:00 com_github_MitjaNemec_ReplicateLayout.replicate_layout 986:Dst text UUid:e729a5f3-5015-4178-aba2-6ae23359428e
03-09 13:56:00 com_github_MitjaNemec_ReplicateLayout.replicate_layout 985:Src text UUid:bc4206aa-6dea-4b4a-bda2-8873dcea6e65
03-09 13:56:00 com_github_MitjaNemec_ReplicateLayout.replicate_layout 986:Dst text UUid:4a2b2806-eaf5-42d4-ad3f-0d431e96b552
03-09 13:56:00 com_github_MitjaNemec_ReplicateLayout.replicate_layout 985:Src text UUid:c36ddb0c-ca8f-4f8a-b6fc-3814e6b54e35
03-09 13:56:00 com_github_MitjaNemec_ReplicateLayout.replicate_layout 986:Dst text UUid:a35f3fd4-23ea-4afc-b053-dd3bb7db4fe1
03-09 13:56:00 com_github_MitjaNemec_ReplicateLayout.replicate_layout 985:Src text UUid:69334e2a-602a-4b97-bc7c-cd1773a263d0
03-09 13:56:00 com_github_MitjaNemec_ReplicateLayout.replicate_layout 986:Dst text UUid:edf88b9f-4da1-45b4-8fcd-c8c16835f118
03-09 13:56:00 com_github_MitjaNemec_ReplicateLayout.replicate_layout 985:Src text UUid:58a4df83-c76f-4457-a2f3-5a9f51bf1ed5
03-09 13:56:00 com_github_MitjaNemec_ReplicateLayout.replicate_layout 986:Dst text UUid:6c0b3f08-9d0c-4e72-948d-49d322acaf65
03-09 13:56:00 com_github_MitjaNemec_ReplicateLayout.replicate_layout 985:Src text UUid:cb67fc37-83fe-4209-9c4e-8ecddb920112
03-09 13:56:00 com_github_MitjaNemec_ReplicateLayout.replicate_layout 986:Dst text UUid:bcfb94b4-f983-47ca-afb9-6433ccccd2ee
03-09 13:56:00 com_github_MitjaNemec_ReplicateLayout.replicate_layout 985:Src text UUid:e6e7b64c-92f7-41d9-8bf7-4ad338a80308
03-09 13:56:00 com_github_MitjaNemec_ReplicateLayout.replicate_layout 986:Dst text UUid:aa4335b4-95e8-4a6f-8323-63800846378f
03-09 13:56:00 com_github_MitjaNemec_ReplicateLayout.replicate_layout 985:Src text UUid:195bb605-769e-4179-b8da-9abcfcc6160e
03-09 13:56:00 com_github_MitjaNemec_ReplicateLayout.replicate_layout 986:Dst text UUid:a488ead1-a2d8-4fe3-ab73-8e597e5a3ca8
03-09 13:56:00 com_github_MitjaNemec_ReplicateLayout.replicate_layout 985:Src text UUid:9a915750-29a6-4812-aa9b-d319208936c6
03-09 13:56:00 com_github_MitjaNemec_ReplicateLayout.replicate_layout 986:Dst text UUid:868e3f7e-2a95-4815-b9d8-ad6f66329a69
03-09 13:56:00 root 337:updating GUI with: 82
03-09 13:56:00 com_github_MitjaNemec_ReplicateLayout.replicate_layout 985:Src text UUid:f4e238f7-1489-4715-8628-6d1cb675c5db
03-09 13:56:00 com_github_MitjaNemec_ReplicateLayout.replicate_layout 986:Dst text UUid:60916f8a-a55f-43e1-bf5c-d6f1c9854c6f
03-09 13:56:00 com_github_MitjaNemec_ReplicateLayout.replicate_layout 985:Src text UUid:7e9a67be-a38f-43b9-bda2-4d5dd2e7e6d5
03-09 13:56:00 com_github_MitjaNemec_ReplicateLayout.replicate_layout 986:Dst text UUid:a4ff7ba7-638b-441b-82d3-2125f772b395
03-09 13:56:00 com_github_MitjaNemec_ReplicateLayout.replicate_layout 985:Src text UUid:a3ef0db2-42a5-477d-9aef-76393dc734cb
03-09 13:56:00 com_github_MitjaNemec_ReplicateLayout.replicate_layout 986:Dst text UUid:fe0c662b-f54e-4ffd-9ec2-5f69b604da70
03-09 13:56:00 com_github_MitjaNemec_ReplicateLayout.replicate_layout 985:Src text UUid:7460fc8c-b9cf-4029-8b25-74f4a9325a4a
03-09 13:56:00 com_github_MitjaNemec_ReplicateLayout.replicate_layout 986:Dst text UUid:fd1525e9-f44f-45ae-a9a5-a7879d9c80a5
03-09 13:56:00 com_github_MitjaNemec_ReplicateLayout.replicate_layout 985:Src text UUid:ae2c8f19-35ec-4b83-a74a-0399f59a337d
03-09 13:56:00 com_github_MitjaNemec_ReplicateLayout.replicate_layout 986:Dst text UUid:94fe986c-0826-4f88-8260-6190ee65acdc
03-09 13:56:00 com_github_MitjaNemec_ReplicateLayout.replicate_layout 985:Src text UUid:ee53932b-d75d-4bbf-93c5-10c7cbc65f13
03-09 13:56:00 com_github_MitjaNemec_ReplicateLayout.replicate_layout 986:Dst text UUid:c182090b-793a-40dc-b74c-3f17cefd3f06
03-09 13:56:00 com_github_MitjaNemec_ReplicateLayout.replicate_layout 985:Src text UUid:b437b0a0-a84c-4250-bff5-59ed7530d379
03-09 13:56:00 com_github_MitjaNemec_ReplicateLayout.replicate_layout 986:Dst text UUid:07190e3a-9c98-4c3c-8733-7e28db374a60
03-09 13:56:00 com_github_MitjaNemec_ReplicateLayout.replicate_layout 985:Src text UUid:15f5e02f-da48-4b36-a54f-43dc456e89cb
03-09 13:56:00 com_github_MitjaNemec_ReplicateLayout.replicate_layout 986:Dst text UUid:a21babd5-99ad-4b41-879b-b90943975239
03-09 13:56:00 com_github_MitjaNemec_ReplicateLayout.replicate_layout 985:Src text UUid:e54328f6-097e-4b64-babc-094f5f162c1e
03-09 13:56:00 com_github_MitjaNemec_ReplicateLayout.replicate_layout 986:Dst text UUid:14969610-7b53-4138-9ca4-cfaaabb1a925
03-09 13:56:00 com_github_MitjaNemec_ReplicateLayout.replicate_layout 985:Src text UUid:85733990-f34b-4952-8425-832fb323dd23
03-09 13:56:00 com_github_MitjaNemec_ReplicateLayout.replicate_layout 986:Dst text UUid:4404e4f3-8a6e-4159-95b6-7f2177c629f7
03-09 13:56:00 com_github_MitjaNemec_ReplicateLayout.replicate_layout 985:Src text UUid:a99839b2-1c62-4bd9-aafd-97765959189b
03-09 13:56:00 com_github_MitjaNemec_ReplicateLayout.replicate_layout 986:Dst text UUid:deae271a-4d05-4587-9d18-63cb7898eeaa
03-09 13:56:00 com_github_MitjaNemec_ReplicateLayout.replicate_layout 985:Src text UUid:d36c9234-692f-48e2-b08e-b695202cdfa3
03-09 13:56:00 com_github_MitjaNemec_ReplicateLayout.replicate_layout 986:Dst text UUid:358c7743-6385-4e89-a3cb-eb69f57d5d1f
03-09 13:56:00 com_github_MitjaNemec_ReplicateLayout.replicate_layout 985:Src text UUid:f4ba69b9-eb46-4d3f-912e-f7078b6b1f9f
03-09 13:56:00 com_github_MitjaNemec_ReplicateLayout.replicate_layout 986:Dst text UUid:3f9966b3-6df6-4694-b946-0d4deec7eee1
03-09 13:56:00 com_github_MitjaNemec_ReplicateLayout.replicate_layout 985:Src text UUid:b7317845-b121-4d17-b30a-a80f69ddda3c
03-09 13:56:00 com_github_MitjaNemec_ReplicateLayout.replicate_layout 986:Dst text UUid:3933420c-41d4-4285-a930-53c17f4798e1
03-09 13:56:00 com_github_MitjaNemec_ReplicateLayout.replicate_layout 985:Src text UUid:4514cd0c-0f4f-42e7-a209-a59514711d63
03-09 13:56:00 com_github_MitjaNemec_ReplicateLayout.replicate_layout 986:Dst text UUid:44632416-e9f7-4c4d-b4bc-3e8441a17764
03-09 13:56:00 com_github_MitjaNemec_ReplicateLayout.replicate_layout 985:Src text UUid:49cb31dd-2f5b-4a12-95f7-212b93a79a4c
03-09 13:56:00 com_github_MitjaNemec_ReplicateLayout.replicate_layout 986:Dst text UUid:d65aadb5-f34c-4484-a852-a1a0508e6404
03-09 13:56:00 com_github_MitjaNemec_ReplicateLayout.replicate_layout 985:Src text UUid:f04631e3-feb0-44b4-a593-b4af54cc0013
03-09 13:56:00 com_github_MitjaNemec_ReplicateLayout.replicate_layout 986:Dst text UUid:997dad1c-8a1e-4abc-9cd6-f3836ebb0b5c
03-09 13:56:00 com_github_MitjaNemec_ReplicateLayout.replicate_layout 985:Src text UUid:ac5bc1f2-4b99-4930-9260-ff939e57451c
03-09 13:56:00 com_github_MitjaNemec_ReplicateLayout.replicate_layout 986:Dst text UUid:48946b55-418e-4c4e-9382-23e312f0bf1a
03-09 13:56:00 com_github_MitjaNemec_ReplicateLayout.replicate_layout 985:Src text UUid:8be69f0c-c9cc-406f-9f1b-a9aa49c9ad9b
03-09 13:56:00 com_github_MitjaNemec_ReplicateLayout.replicate_layout 986:Dst text UUid:87021ccd-985b-4cee-8ffb-fbb6e2306318
03-09 13:56:00 com_github_MitjaNemec_ReplicateLayout.replicate_layout 985:Src text UUid:b0b04f94-6ea5-4162-8ba8-cec2d016beec
03-09 13:56:00 com_github_MitjaNemec_ReplicateLayout.replicate_layout 986:Dst text UUid:93d42690-9537-4a09-a1a4-a7f14e7184c7
03-09 13:56:00 com_github_MitjaNemec_ReplicateLayout.replicate_layout 985:Src text UUid:446bf2b2-9d7e-47b4-9188-d1cb10f5cefd
03-09 13:56:00 com_github_MitjaNemec_ReplicateLayout.replicate_layout 986:Dst text UUid:6167c70c-1e06-42b0-95d9-01140c2a9afb
03-09 13:56:00 com_github_MitjaNemec_ReplicateLayout.replicate_layout 985:Src text UUid:49dd8963-049a-4179-86b6-12b825efb551
03-09 13:56:00 com_github_MitjaNemec_ReplicateLayout.replicate_layout 986:Dst text UUid:e348db3d-a30c-40a4-ac13-a051a693a784
03-09 13:56:00 com_github_MitjaNemec_ReplicateLayout.replicate_layout 985:Src text UUid:28b4ee5f-ce57-468c-918f-ffbc9dab1536
03-09 13:56:00 com_github_MitjaNemec_ReplicateLayout.replicate_layout 986:Dst text UUid:e2311133-14a8-40af-b321-8780348eba68
03-09 13:56:00 com_github_MitjaNemec_ReplicateLayout.replicate_layout 985:Src text UUid:395f4e86-7e7b-4b20-9677-b9c4af953fd0
03-09 13:56:00 com_github_MitjaNemec_ReplicateLayout.replicate_layout 986:Dst text UUid:06567701-86b2-411f-9fca-7db3abf5106d
03-09 13:56:00 com_github_MitjaNemec_ReplicateLayout.replicate_layout 985:Src text UUid:2f7e7912-3c8f-4166-bf31-b6ac91d985d5
03-09 13:56:00 com_github_MitjaNemec_ReplicateLayout.replicate_layout 986:Dst text UUid:988aa823-122e-4359-857f-8c4e529a08a0
03-09 13:56:00 com_github_MitjaNemec_ReplicateLayout.replicate_layout 985:Src text UUid:a00aadda-3b1a-49aa-9bc3-4d2d2ac59648
03-09 13:56:00 com_github_MitjaNemec_ReplicateLayout.replicate_layout 986:Dst text UUid:7c933602-2780-4a3f-9712-d69052ddf47b
03-09 13:56:00 com_github_MitjaNemec_ReplicateLayout.replicate_layout 985:Src text UUid:30c5425d-4a76-492d-a0ff-2873b9ee575a
03-09 13:56:00 com_github_MitjaNemec_ReplicateLayout.replicate_layout 986:Dst text UUid:0e26940c-c248-442b-b507-419214cc4991
03-09 13:56:00 com_github_MitjaNemec_ReplicateLayout.replicate_layout 985:Src text UUid:08ef7b56-5518-4b05-a8ea-4ec7c6d7b09b
03-09 13:56:00 com_github_MitjaNemec_ReplicateLayout.replicate_layout 986:Dst text UUid:62bb9c2e-a5da-420f-86e5-0344d28787d6
03-09 13:56:00 com_github_MitjaNemec_ReplicateLayout.replicate_layout 985:Src text UUid:39ff2e95-a74b-493c-bf5c-ab13617a5d4f
03-09 13:56:00 com_github_MitjaNemec_ReplicateLayout.replicate_layout 986:Dst text UUid:3c21886d-3252-4f50-97e3-f1566f0d8b9d
03-09 13:56:00 com_github_MitjaNemec_ReplicateLayout.replicate_layout 985:Src text UUid:5c4c3850-4cce-4a0d-a3c9-2dc7c287d87c
03-09 13:56:00 com_github_MitjaNemec_ReplicateLayout.replicate_layout 986:Dst text UUid:a55163ea-fe19-4dbd-a3de-8868dcc121c2
03-09 13:56:00 com_github_MitjaNemec_ReplicateLayout.replicate_layout 985:Src text UUid:375fc333-e3a3-442f-b4ba-f781d8446449
03-09 13:56:00 com_github_MitjaNemec_ReplicateLayout.replicate_layout 986:Dst text UUid:c23189e9-3404-4614-810e-3863943eb588
03-09 13:56:00 com_github_MitjaNemec_ReplicateLayout.replicate_layout 985:Src text UUid:3e24c5e4-c0d7-4ddf-b638-9029356562d4
03-09 13:56:00 com_github_MitjaNemec_ReplicateLayout.replicate_layout 986:Dst text UUid:1a401618-7f10-4cf8-948d-562179ded8b6
03-09 13:56:00 com_github_MitjaNemec_ReplicateLayout.replicate_layout 985:Src text UUid:afebe080-2d12-4d3f-b160-153f2568fac9
03-09 13:56:00 com_github_MitjaNemec_ReplicateLayout.replicate_layout 986:Dst text UUid:7fd61ffa-df4b-48c5-b32f-1d830c30904e
03-09 13:56:00 com_github_MitjaNemec_ReplicateLayout.replicate_layout 985:Src text UUid:76c78420-c090-4365-9a09-7ec62c5fe55b
03-09 13:56:00 com_github_MitjaNemec_ReplicateLayout.replicate_layout 986:Dst text UUid:181f11cb-2033-4179-bed7-6720330f652a
03-09 13:56:00 com_github_MitjaNemec_ReplicateLayout.replicate_layout 985:Src text UUid:77d8e431-baf9-4e7d-908d-4a4dae72b892
03-09 13:56:00 com_github_MitjaNemec_ReplicateLayout.replicate_layout 986:Dst text UUid:92d0f0dc-7a4e-43d4-9912-007d843825ef
03-09 13:56:00 com_github_MitjaNemec_ReplicateLayout.replicate_layout 985:Src text UUid:cd0d4525-34f7-4730-b3fa-cee85d9e01e6
03-09 13:56:00 com_github_MitjaNemec_ReplicateLayout.replicate_layout 986:Dst text UUid:b0344a72-fb2b-401f-a613-d5a0cdf1a5a0
03-09 13:56:00 com_github_MitjaNemec_ReplicateLayout.replicate_layout 985:Src text UUid:c2fb922f-8cbf-4430-b6e8-111d119505b3
03-09 13:56:00 com_github_MitjaNemec_ReplicateLayout.replicate_layout 986:Dst text UUid:70906438-979f-4630-ac71-fcc36a27b386
03-09 13:56:00 com_github_MitjaNemec_ReplicateLayout.replicate_layout 985:Src text UUid:d5b41679-e8f3-4d2b-9bf7-7886b2df6893
03-09 13:56:00 com_github_MitjaNemec_ReplicateLayout.replicate_layout 986:Dst text UUid:a8602680-1092-4804-9636-524f12ce0fd5
03-09 13:56:00 com_github_MitjaNemec_ReplicateLayout.replicate_layout 985:Src text UUid:f051ce38-e4c4-4625-92b0-36648f125f79
03-09 13:56:00 com_github_MitjaNemec_ReplicateLayout.replicate_layout 986:Dst text UUid:3384b915-040e-4a99-b8eb-ac004ca31338
03-09 13:56:00 com_github_MitjaNemec_ReplicateLayout.replicate_layout 985:Src text UUid:9ea7e331-58c3-4448-8db4-ded5782e7afd
03-09 13:56:00 com_github_MitjaNemec_ReplicateLayout.replicate_layout 986:Dst text UUid:6e74d3ae-e6f0-4442-b75b-98c82251a228
03-09 13:56:00 com_github_MitjaNemec_ReplicateLayout.replicate_layout 985:Src text UUid:6339ba14-f2f7-433d-8034-eba172aa1389
03-09 13:56:00 com_github_MitjaNemec_ReplicateLayout.replicate_layout 986:Dst text UUid:b5b2dd97-ed05-42f8-b288-ddcd1c9ee38f
03-09 13:56:00 com_github_MitjaNemec_ReplicateLayout.replicate_layout 985:Src text UUid:ebfddebc-fe7f-4736-adec-7b30752d4842
03-09 13:56:00 com_github_MitjaNemec_ReplicateLayout.replicate_layout 986:Dst text UUid:c74a9678-bb9d-4ff7-ad91-d02c63b8183b
03-09 13:56:00 com_github_MitjaNemec_ReplicateLayout.replicate_layout 985:Src text UUid:6a12fe54-70bc-40eb-b960-a7a188d63d1a
03-09 13:56:00 com_github_MitjaNemec_ReplicateLayout.replicate_layout 986:Dst text UUid:4d72f8d8-3c86-4d71-a850-3fff8b1adf5f
03-09 13:56:00 com_github_MitjaNemec_ReplicateLayout.replicate_layout 985:Src text UUid:dd5d0157-0d60-4d28-aafa-776d89501f8c
03-09 13:56:00 com_github_MitjaNemec_ReplicateLayout.replicate_layout 986:Dst text UUid:d121c7d7-09b1-4d7e-9e62-a76fcc02c165
03-09 13:56:00 com_github_MitjaNemec_ReplicateLayout.replicate_layout 985:Src text UUid:21488092-fec2-435d-b213-917c4daba0be
03-09 13:56:00 com_github_MitjaNemec_ReplicateLayout.replicate_layout 986:Dst text UUid:9d434371-d2e4-4287-a7ea-47c0c93352c8
03-09 13:56:00 com_github_MitjaNemec_ReplicateLayout.replicate_layout 985:Src text UUid:4b45bd27-91d7-4253-8e8c-71413a75a4e9
03-09 13:56:00 com_github_MitjaNemec_ReplicateLayout.replicate_layout 986:Dst text UUid:0749459c-923f-43f8-ae98-ba2db8ba3632
03-09 13:56:00 com_github_MitjaNemec_ReplicateLayout.replicate_layout 985:Src text UUid:fb01b21a-3e33-4353-a6eb-fca1fe775abc
03-09 13:56:00 com_github_MitjaNemec_ReplicateLayout.replicate_layout 986:Dst text UUid:83f26e31-230c-4171-98e6-c8229b6ee29b
03-09 13:56:00 com_github_MitjaNemec_ReplicateLayout.replicate_layout 985:Src text UUid:cc107935-5684-4ba1-bd82-3115e9a53eb2
03-09 13:56:00 com_github_MitjaNemec_ReplicateLayout.replicate_layout 986:Dst text UUid:065da4db-539c-4424-96a9-caf242ea4e2a
03-09 13:56:00 com_github_MitjaNemec_ReplicateLayout.replicate_layout 985:Src text UUid:e59e2d1c-b5ec-4a7e-a9a7-fd229055000c
03-09 13:56:00 com_github_MitjaNemec_ReplicateLayout.replicate_layout 986:Dst text UUid:b96c6916-d678-43a5-85ae-7b8337381b47
03-09 13:56:00 com_github_MitjaNemec_ReplicateLayout.replicate_layout 985:Src text UUid:dbc0b34f-df48-4df2-aa9a-7abf939c101a
03-09 13:56:00 com_github_MitjaNemec_ReplicateLayout.replicate_layout 986:Dst text UUid:35d78fb5-7b62-4007-bab5-58d923395f84
03-09 13:56:00 com_github_MitjaNemec_ReplicateLayout.replicate_layout 985:Src text UUid:1351baf6-2980-42f0-8dc2-c8efbef6a160
03-09 13:56:00 com_github_MitjaNemec_ReplicateLayout.replicate_layout 986:Dst text UUid:f33a58a2-d68c-4584-806e-a3155f7ad675
03-09 13:56:00 root 332:updating GUI message: 'Replicating tracks'
03-09 13:56:00 com_github_MitjaNemec_ReplicateLayout.replicate_layout 1009:Replicating tracks
03-09 13:56:00 com_github_MitjaNemec_ReplicateLayout.replicate_layout 1015:Replicating tracks on sheet ['/Motor driver 3/']
03-09 13:56:00 com_github_MitjaNemec_ReplicateLayout.replicate_layout 792:Net pairs for sheet ['/Motor driver 3/'] :[('+BATT', '+BATT'), ('Net-(U3-AHO)', 'Net-(U8-AHO)'), ('/Motor driver 1/MOT_SIDE_A', '/Motor driver 3/MOT_SIDE_A'), ('/MOT_DRV_DISABLE', '/MOT_DRV_DISABLE'), ('/Motor driver 1/HI_GATE_A', '/Motor driver 3/HI_GATE_A'), ('Net-(D8-K)', 'Net-(D23-K)'), ('Net-(D7-K)', 'Net-(D22-K)'), ('/Motor driver 1/MOT_SIDE_B', '/Motor driver 3/MOT_SIDE_B'), ('Net-(U3-ALO)', 'Net-(U8-ALO)'), ('/Motor driver 1/HI_GATE_B', '/Motor driver 3/HI_GATE_B'), ('/MOT_CURR_V_1', '/MOT_CURR_V_3'), ('Net-(D11-A)', 'Net-(D26-A)'), ('Net-(U3-BLO)', 'Net-(U8-BLO)'), ('/Motor driver 1/LO_GATE_B', '/Motor driver 3/LO_GATE_B'), ('Net-(D9-A)', 'Net-(D24-A)'), ('Net-(D10-K)', 'Net-(D25-K)'), ('Net-(U4--)', 'Net-(U9--)'), ('+5V', '+5V'), ('Net-(R19-Pad1)', 'Net-(R39-Pad1)'), ('Net-(D7-A)', 'Net-(D22-A)'), ('/Motor driver 1/LO_GATE_A', '/Motor driver 3/LO_GATE_A'), ('/MOT_DRV_PWM_B1', '/MOT_DRV_PWM_B3'), ('Net-(U3-BHO)', 'Net-(U8-BHO)'), ('GND', 'GND'), ('Net-(U3-DEL)', 'Net-(U8-DEL)'), ('', ''), ('/MOT_DRV_PWM_A1', '/MOT_DRV_PWM_A3'), ('Net-(U4-+)', 'Net-(U9-+)')]
03-09 13:56:00 com_github_MitjaNemec_ReplicateLayout.replicate_layout 1015:Replicating tracks on sheet ['/Motor driver 4/']
03-09 13:56:00 com_github_MitjaNemec_ReplicateLayout.replicate_layout 792:Net pairs for sheet ['/Motor driver 4/'] :[('/MOT_CURR_V_1', '/MOT_CURR_V_4'), ('Net-(U3-DEL)', 'Net-(U10-DEL)'), ('/Motor driver 1/MOT_SIDE_A', '/Motor driver 4/MOT_SIDE_A'), ('+BATT', '+BATT'), ('Net-(R19-Pad1)', 'Net-(R47-Pad1)'), ('Net-(D7-A)', 'Net-(D29-A)'), ('/MOT_DRV_PWM_A1', '/MOT_DRV_PWM_A4'), ('/MOT_DRV_PWM_B1', '/MOT_DRV_PWM_B4'), ('Net-(U3-AHO)', 'Net-(U10-AHO)'), ('Net-(D8-K)', 'Net-(D30-K)'), ('/MOT_DRV_DISABLE', '/MOT_DRV_DISABLE'), ('/Motor driver 1/LO_GATE_B', '/Motor driver 4/LO_GATE_B'), ('/Motor driver 1/MOT_SIDE_B', '/Motor driver 4/MOT_SIDE_B'), ('Net-(U3-BLO)', 'Net-(U10-BLO)'), ('/Motor driver 1/HI_GATE_B', '/Motor driver 4/HI_GATE_B'), ('Net-(D9-A)', 'Net-(D31-A)'), ('/Motor driver 1/HI_GATE_A', '/Motor driver 4/HI_GATE_A'), ('Net-(U4--)', 'Net-(U11--)'), ('+5V', '+5V'), ('Net-(U3-BHO)', 'Net-(U10-BHO)'), ('Net-(D7-K)', 'Net-(D29-K)'), ('Net-(U4-+)', 'Net-(U11-+)'), ('GND', 'GND'), ('', ''), ('Net-(U3-ALO)', 'Net-(U10-ALO)'), ('Net-(D10-K)', 'Net-(D32-K)'), ('/Motor driver 1/LO_GATE_A', '/Motor driver 4/LO_GATE_A'), ('Net-(D11-A)', 'Net-(D33-A)')]
03-09 13:56:00 root 332:updating GUI message: 'Replicating zones'
03-09 13:56:00 root 337:updating GUI with: 0
03-09 13:56:00 com_github_MitjaNemec_ReplicateLayout.replicate_layout 1079:Replicating zones
03-09 13:56:00 root 337:updating GUI with: 0
03-09 13:56:00 com_github_MitjaNemec_ReplicateLayout.replicate_layout 1086:Replicating zones on sheet ['/Motor driver 3/']
03-09 13:56:00 com_github_MitjaNemec_ReplicateLayout.replicate_layout 792:Net pairs for sheet ['/Motor driver 3/'] :[('+BATT', '+BATT'), ('Net-(U3-AHO)', 'Net-(U8-AHO)'), ('/Motor driver 1/MOT_SIDE_A', '/Motor driver 3/MOT_SIDE_A'), ('/MOT_DRV_DISABLE', '/MOT_DRV_DISABLE'), ('/Motor driver 1/HI_GATE_A', '/Motor driver 3/HI_GATE_A'), ('Net-(D8-K)', 'Net-(D23-K)'), ('Net-(D7-K)', 'Net-(D22-K)'), ('/Motor driver 1/MOT_SIDE_B', '/Motor driver 3/MOT_SIDE_B'), ('Net-(U3-ALO)', 'Net-(U8-ALO)'), ('/Motor driver 1/HI_GATE_B', '/Motor driver 3/HI_GATE_B'), ('/MOT_CURR_V_1', '/MOT_CURR_V_3'), ('Net-(D11-A)', 'Net-(D26-A)'), ('Net-(U3-BLO)', 'Net-(U8-BLO)'), ('/Motor driver 1/LO_GATE_B', '/Motor driver 3/LO_GATE_B'), ('Net-(D9-A)', 'Net-(D24-A)'), ('Net-(D10-K)', 'Net-(D25-K)'), ('Net-(U4--)', 'Net-(U9--)'), ('+5V', '+5V'), ('Net-(R19-Pad1)', 'Net-(R39-Pad1)'), ('Net-(D7-A)', 'Net-(D22-A)'), ('/Motor driver 1/LO_GATE_A', '/Motor driver 3/LO_GATE_A'), ('/MOT_DRV_PWM_B1', '/MOT_DRV_PWM_B3'), ('Net-(U3-BHO)', 'Net-(U8-BHO)'), ('GND', 'GND'), ('Net-(U3-DEL)', 'Net-(U8-DEL)'), ('', ''), ('/MOT_DRV_PWM_A1', '/MOT_DRV_PWM_A3'), ('Net-(U4-+)', 'Net-(U9-+)')]
03-09 13:56:00 com_github_MitjaNemec_ReplicateLayout.replicate_layout 1086:Replicating zones on sheet ['/Motor driver 4/']
03-09 13:56:00 com_github_MitjaNemec_ReplicateLayout.replicate_layout 792:Net pairs for sheet ['/Motor driver 4/'] :[('/MOT_CURR_V_1', '/MOT_CURR_V_4'), ('Net-(U3-DEL)', 'Net-(U10-DEL)'), ('/Motor driver 1/MOT_SIDE_A', '/Motor driver 4/MOT_SIDE_A'), ('+BATT', '+BATT'), ('Net-(R19-Pad1)', 'Net-(R47-Pad1)'), ('Net-(D7-A)', 'Net-(D29-A)'), ('/MOT_DRV_PWM_A1', '/MOT_DRV_PWM_A4'), ('/MOT_DRV_PWM_B1', '/MOT_DRV_PWM_B4'), ('Net-(U3-AHO)', 'Net-(U10-AHO)'), ('Net-(D8-K)', 'Net-(D30-K)'), ('/MOT_DRV_DISABLE', '/MOT_DRV_DISABLE'), ('/Motor driver 1/LO_GATE_B', '/Motor driver 4/LO_GATE_B'), ('/Motor driver 1/MOT_SIDE_B', '/Motor driver 4/MOT_SIDE_B'), ('Net-(U3-BLO)', 'Net-(U10-BLO)'), ('/Motor driver 1/HI_GATE_B', '/Motor driver 4/HI_GATE_B'), ('Net-(D9-A)', 'Net-(D31-A)'), ('/Motor driver 1/HI_GATE_A', '/Motor driver 4/HI_GATE_A'), ('Net-(U4--)', 'Net-(U11--)'), ('+5V', '+5V'), ('Net-(U3-BHO)', 'Net-(U10-BHO)'), ('Net-(D7-K)', 'Net-(D29-K)'), ('Net-(U4-+)', 'Net-(U11-+)'), ('GND', 'GND'), ('', ''), ('Net-(U3-ALO)', 'Net-(U10-ALO)'), ('Net-(D10-K)', 'Net-(D32-K)'), ('/Motor driver 1/LO_GATE_A', '/Motor driver 4/LO_GATE_A'), ('Net-(D11-A)', 'Net-(D33-A)')]
03-09 13:56:00 root 332:updating GUI message: 'Replicating text'
03-09 13:56:00 com_github_MitjaNemec_ReplicateLayout.replicate_layout 1168:Replicating text
03-09 13:56:00 com_github_MitjaNemec_ReplicateLayout.replicate_layout 1175:Replicating text on sheet ['/Motor driver 3/']
03-09 13:56:00 com_github_MitjaNemec_ReplicateLayout.replicate_layout 1175:Replicating text on sheet ['/Motor driver 4/']
03-09 13:56:00 root 332:updating GUI message: 'Replicating drawings'
03-09 13:56:00 com_github_MitjaNemec_ReplicateLayout.replicate_layout 1219:Replicating drawings
03-09 13:56:00 com_github_MitjaNemec_ReplicateLayout.replicate_layout 1225:Replicating drawings on sheet ['/Motor driver 3/']
03-09 13:56:00 com_github_MitjaNemec_ReplicateLayout.replicate_layout 1225:Replicating drawings on sheet ['/Motor driver 4/']
03-09 13:56:01 com_github_MitjaNemec_ReplicateLayout.action_replicate_layout 256:Replication complete
